[0.486s] Invoking command in '/home/autretechlab/Documents/GitHub/ATL_ThymioII_ROS2_bridge/src/thymio2_ros2_bridge_py_pkg': AMENT_PREFIX_PATH=/home/autretechlab/Documents/GitHub/ATL_ThymioII_ROS2_bridge/src/install/thymio2_interfaces:${AMENT_PREFIX_PATH} CMAKE_PREFIX_PATH=/home/autretechlab/Documents/GitHub/ATL_ThymioII_ROS2_bridge/src/install/thymio2_interfaces:${CMAKE_PREFIX_PATH} LD_LIBRARY_PATH=/home/autretechlab/Documents/GitHub/ATL_ThymioII_ROS2_bridge/src/install/thymio2_interfaces/lib:${LD_LIBRARY_PATH} PYTHONPATH=/home/autretechlab/Documents/GitHub/ATL_ThymioII_ROS2_bridge/src/install/thymio2_ros2_bridge_py_pkg/lib/python3.8/site-packages:/home/autretechlab/Documents/GitHub/ATL_ThymioII_ROS2_bridge/src/install/thymio2_interfaces/lib/python3.8/site-packages:${PYTHONPATH} /usr/bin/python3 setup.py egg_info --egg-base ../build/thymio2_ros2_bridge_py_pkg build --build-base /home/autretechlab/Documents/GitHub/ATL_ThymioII_ROS2_bridge/src/build/thymio2_ros2_bridge_py_pkg/build install --prefix /home/autretechlab/Documents/GitHub/ATL_ThymioII_ROS2_bridge/src/install/thymio2_ros2_bridge_py_pkg --record /home/autretechlab/Documents/GitHub/ATL_ThymioII_ROS2_bridge/src/build/thymio2_ros2_bridge_py_pkg/install.log --single-version-externally-managed
[0.795s] running egg_info
[0.795s] creating ../build/thymio2_ros2_bridge_py_pkg/thymio2_ros2_bridge_py_pkg.egg-info
[0.795s] writing ../build/thymio2_ros2_bridge_py_pkg/thymio2_ros2_bridge_py_pkg.egg-info/PKG-INFO
[0.796s] writing dependency_links to ../build/thymio2_ros2_bridge_py_pkg/thymio2_ros2_bridge_py_pkg.egg-info/dependency_links.txt
[0.796s] writing entry points to ../build/thymio2_ros2_bridge_py_pkg/thymio2_ros2_bridge_py_pkg.egg-info/entry_points.txt
[0.796s] writing requirements to ../build/thymio2_ros2_bridge_py_pkg/thymio2_ros2_bridge_py_pkg.egg-info/requires.txt
[0.796s] writing top-level names to ../build/thymio2_ros2_bridge_py_pkg/thymio2_ros2_bridge_py_pkg.egg-info/top_level.txt
[0.799s] writing manifest file '../build/thymio2_ros2_bridge_py_pkg/thymio2_ros2_bridge_py_pkg.egg-info/SOURCES.txt'
[0.854s] reading manifest file '../build/thymio2_ros2_bridge_py_pkg/thymio2_ros2_bridge_py_pkg.egg-info/SOURCES.txt'
[0.856s] writing manifest file '../build/thymio2_ros2_bridge_py_pkg/thymio2_ros2_bridge_py_pkg.egg-info/SOURCES.txt'
[0.856s] running build
[0.856s] running build_py
[0.856s] creating /home/autretechlab/Documents/GitHub/ATL_ThymioII_ROS2_bridge/src/build/thymio2_ros2_bridge_py_pkg/build
[0.856s] creating /home/autretechlab/Documents/GitHub/ATL_ThymioII_ROS2_bridge/src/build/thymio2_ros2_bridge_py_pkg/build/lib
[0.857s] creating /home/autretechlab/Documents/GitHub/ATL_ThymioII_ROS2_bridge/src/build/thymio2_ros2_bridge_py_pkg/build/lib/thymio2_ros2_bridge_py_pkg
[0.857s] copying thymio2_ros2_bridge_py_pkg/__init__.py -> /home/autretechlab/Documents/GitHub/ATL_ThymioII_ROS2_bridge/src/build/thymio2_ros2_bridge_py_pkg/build/lib/thymio2_ros2_bridge_py_pkg
[0.857s] copying thymio2_ros2_bridge_py_pkg/thymio2_controler_node.py -> /home/autretechlab/Documents/GitHub/ATL_ThymioII_ROS2_bridge/src/build/thymio2_ros2_bridge_py_pkg/build/lib/thymio2_ros2_bridge_py_pkg
[0.857s] copying thymio2_ros2_bridge_py_pkg/my_first_node.py -> /home/autretechlab/Documents/GitHub/ATL_ThymioII_ROS2_bridge/src/build/thymio2_ros2_bridge_py_pkg/build/lib/thymio2_ros2_bridge_py_pkg
[0.857s] running install
[0.858s] running install_lib
[0.860s] creating /home/autretechlab/Documents/GitHub/ATL_ThymioII_ROS2_bridge/src/install/thymio2_ros2_bridge_py_pkg/lib/python3.8/site-packages/thymio2_ros2_bridge_py_pkg
[0.860s] copying /home/autretechlab/Documents/GitHub/ATL_ThymioII_ROS2_bridge/src/build/thymio2_ros2_bridge_py_pkg/build/lib/thymio2_ros2_bridge_py_pkg/__init__.py -> /home/autretechlab/Documents/GitHub/ATL_ThymioII_ROS2_bridge/src/install/thymio2_ros2_bridge_py_pkg/lib/python3.8/site-packages/thymio2_ros2_bridge_py_pkg
[0.860s] copying /home/autretechlab/Documents/GitHub/ATL_ThymioII_ROS2_bridge/src/build/thymio2_ros2_bridge_py_pkg/build/lib/thymio2_ros2_bridge_py_pkg/thymio2_controler_node.py -> /home/autretechlab/Documents/GitHub/ATL_ThymioII_ROS2_bridge/src/install/thymio2_ros2_bridge_py_pkg/lib/python3.8/site-packages/thymio2_ros2_bridge_py_pkg
[0.860s] copying /home/autretechlab/Documents/GitHub/ATL_ThymioII_ROS2_bridge/src/build/thymio2_ros2_bridge_py_pkg/build/lib/thymio2_ros2_bridge_py_pkg/my_first_node.py -> /home/autretechlab/Documents/GitHub/ATL_ThymioII_ROS2_bridge/src/install/thymio2_ros2_bridge_py_pkg/lib/python3.8/site-packages/thymio2_ros2_bridge_py_pkg
[0.861s] byte-compiling /home/autretechlab/Documents/GitHub/ATL_ThymioII_ROS2_bridge/src/install/thymio2_ros2_bridge_py_pkg/lib/python3.8/site-packages/thymio2_ros2_bridge_py_pkg/__init__.py to __init__.cpython-38.pyc
[0.862s] byte-compiling /home/autretechlab/Documents/GitHub/ATL_ThymioII_ROS2_bridge/src/install/thymio2_ros2_bridge_py_pkg/lib/python3.8/site-packages/thymio2_ros2_bridge_py_pkg/thymio2_controler_node.py to thymio2_controler_node.cpython-38.pyc
[0.863s] byte-compiling /home/autretechlab/Documents/GitHub/ATL_ThymioII_ROS2_bridge/src/install/thymio2_ros2_bridge_py_pkg/lib/python3.8/site-packages/thymio2_ros2_bridge_py_pkg/my_first_node.py to my_first_node.cpython-38.pyc
[0.864s] running install_data
[0.865s] creating /home/autretechlab/Documents/GitHub/ATL_ThymioII_ROS2_bridge/src/install/thymio2_ros2_bridge_py_pkg/share/ament_index
[0.865s] creating /home/autretechlab/Documents/GitHub/ATL_ThymioII_ROS2_bridge/src/install/thymio2_ros2_bridge_py_pkg/share/ament_index/resource_index
[0.866s] creating /home/autretechlab/Documents/GitHub/ATL_ThymioII_ROS2_bridge/src/install/thymio2_ros2_bridge_py_pkg/share/ament_index/resource_index/packages
[0.866s] copying resource/thymio2_ros2_bridge_py_pkg -> /home/autretechlab/Documents/GitHub/ATL_ThymioII_ROS2_bridge/src/install/thymio2_ros2_bridge_py_pkg/share/ament_index/resource_index/packages
[0.866s] copying package.xml -> /home/autretechlab/Documents/GitHub/ATL_ThymioII_ROS2_bridge/src/install/thymio2_ros2_bridge_py_pkg/share/thymio2_ros2_bridge_py_pkg
[0.866s] running install_egg_info
[0.869s] Copying ../build/thymio2_ros2_bridge_py_pkg/thymio2_ros2_bridge_py_pkg.egg-info to /home/autretechlab/Documents/GitHub/ATL_ThymioII_ROS2_bridge/src/install/thymio2_ros2_bridge_py_pkg/lib/python3.8/site-packages/thymio2_ros2_bridge_py_pkg-0.0.0-py3.8.egg-info
[0.870s] running install_scripts
[0.898s] Installing my_first_node script to /home/autretechlab/Documents/GitHub/ATL_ThymioII_ROS2_bridge/src/install/thymio2_ros2_bridge_py_pkg/lib/thymio2_ros2_bridge_py_pkg
[0.898s] Installing thymio2_controler_node script to /home/autretechlab/Documents/GitHub/ATL_ThymioII_ROS2_bridge/src/install/thymio2_ros2_bridge_py_pkg/lib/thymio2_ros2_bridge_py_pkg
[0.898s] writing list of installed files to '/home/autretechlab/Documents/GitHub/ATL_ThymioII_ROS2_bridge/src/build/thymio2_ros2_bridge_py_pkg/install.log'
[0.929s] Invoked command in '/home/autretechlab/Documents/GitHub/ATL_ThymioII_ROS2_bridge/src/thymio2_ros2_bridge_py_pkg' returned '0': AMENT_PREFIX_PATH=/home/autretechlab/Documents/GitHub/ATL_ThymioII_ROS2_bridge/src/install/thymio2_interfaces:${AMENT_PREFIX_PATH} CMAKE_PREFIX_PATH=/home/autretechlab/Documents/GitHub/ATL_ThymioII_ROS2_bridge/src/install/thymio2_interfaces:${CMAKE_PREFIX_PATH} LD_LIBRARY_PATH=/home/autretechlab/Documents/GitHub/ATL_ThymioII_ROS2_bridge/src/install/thymio2_interfaces/lib:${LD_LIBRARY_PATH} PYTHONPATH=/home/autretechlab/Documents/GitHub/ATL_ThymioII_ROS2_bridge/src/install/thymio2_ros2_bridge_py_pkg/lib/python3.8/site-packages:/home/autretechlab/Documents/GitHub/ATL_ThymioII_ROS2_bridge/src/install/thymio2_interfaces/lib/python3.8/site-packages:${PYTHONPATH} /usr/bin/python3 setup.py egg_info --egg-base ../build/thymio2_ros2_bridge_py_pkg build --build-base /home/autretechlab/Documents/GitHub/ATL_ThymioII_ROS2_bridge/src/build/thymio2_ros2_bridge_py_pkg/build install --prefix /home/autretechlab/Documents/GitHub/ATL_ThymioII_ROS2_bridge/src/install/thymio2_ros2_bridge_py_pkg --record /home/autretechlab/Documents/GitHub/ATL_ThymioII_ROS2_bridge/src/build/thymio2_ros2_bridge_py_pkg/install.log --single-version-externally-managed
