-- The C compiler identification is GNU 9.3.0
-- The CXX compiler identification is GNU 9.3.0
-- Check for working C compiler: /usr/bin/cc
-- Check for working C compiler: /usr/bin/cc -- works
-- Detecting C compiler ABI info
-- Detecting C compiler ABI info - done
-- Detecting C compile features
-- Detecting C compile features - done
-- Check for working CXX compiler: /usr/bin/c++
-- Check for working CXX compiler: /usr/bin/c++ -- works
-- Detecting CXX compiler ABI info
-- Detecting CXX compiler ABI info - done
-- Detecting CXX compile features
-- Detecting CXX compile features - done
-- Found ament_cmake: 0.9.6 (/opt/ros/foxy/share/ament_cmake/cmake)
-- Found PythonInterp: /usr/bin/python3 (found suitable version "3.8.5", minimum required is "3") 
-- Using PYTHON_EXECUTABLE: /usr/bin/python3
-- Found ament_lint_auto: 0.9.5 (/opt/ros/foxy/share/ament_lint_auto/cmake)
-- Added test 'copyright' to check source files copyright and LICENSE
-- Added test 'flake8' to check Python code syntax and style conventions
-- Added test 'lint_cmake' to check CMake code style
-- Added test 'pep257' to check Python code against some of the style conventions in PEP 257
-- Added test 'xmllint' to check XML markup files
-- Configuring done
-- Generating done
-- Build files have been written to: /home/autretechlab/Documents/GitHub/ATL_ThymioII_ROS2_bridge/src/build/thymio2_bringup
-- Install configuration: ""
-- Installing: /home/autretechlab/Documents/GitHub/ATL_ThymioII_ROS2_bridge/src/install/thymio2_bringup/share/ament_index/resource_index/package_run_dependencies/thymio2_bringup
-- Installing: /home/autretechlab/Documents/GitHub/ATL_ThymioII_ROS2_bridge/src/install/thymio2_bringup/share/ament_index/resource_index/parent_prefix_path/thymio2_bringup
-- Installing: /home/autretechlab/Documents/GitHub/ATL_ThymioII_ROS2_bridge/src/install/thymio2_bringup/share/thymio2_bringup/environment/ament_prefix_path.sh
-- Installing: /home/autretechlab/Documents/GitHub/ATL_ThymioII_ROS2_bridge/src/install/thymio2_bringup/share/thymio2_bringup/environment/ament_prefix_path.dsv
-- Installing: /home/autretechlab/Documents/GitHub/ATL_ThymioII_ROS2_bridge/src/install/thymio2_bringup/share/thymio2_bringup/environment/path.sh
-- Installing: /home/autretechlab/Documents/GitHub/ATL_ThymioII_ROS2_bridge/src/install/thymio2_bringup/share/thymio2_bringup/environment/path.dsv
-- Installing: /home/autretechlab/Documents/GitHub/ATL_ThymioII_ROS2_bridge/src/install/thymio2_bringup/share/thymio2_bringup/local_setup.bash
-- Installing: /home/autretechlab/Documents/GitHub/ATL_ThymioII_ROS2_bridge/src/install/thymio2_bringup/share/thymio2_bringup/local_setup.sh
-- Installing: /home/autretechlab/Documents/GitHub/ATL_ThymioII_ROS2_bridge/src/install/thymio2_bringup/share/thymio2_bringup/local_setup.zsh
-- Installing: /home/autretechlab/Documents/GitHub/ATL_ThymioII_ROS2_bridge/src/install/thymio2_bringup/share/thymio2_bringup/local_setup.dsv
-- Installing: /home/autretechlab/Documents/GitHub/ATL_ThymioII_ROS2_bridge/src/install/thymio2_bringup/share/thymio2_bringup/package.dsv
-- Installing: /home/autretechlab/Documents/GitHub/ATL_ThymioII_ROS2_bridge/src/install/thymio2_bringup/share/ament_index/resource_index/packages/thymio2_bringup
-- Installing: /home/autretechlab/Documents/GitHub/ATL_ThymioII_ROS2_bridge/src/install/thymio2_bringup/share/thymio2_bringup/cmake/thymio2_bringupConfig.cmake
-- Installing: /home/autretechlab/Documents/GitHub/ATL_ThymioII_ROS2_bridge/src/install/thymio2_bringup/share/thymio2_bringup/cmake/thymio2_bringupConfig-version.cmake
-- Installing: /home/autretechlab/Documents/GitHub/ATL_ThymioII_ROS2_bridge/src/install/thymio2_bringup/share/thymio2_bringup/package.xml
