[0.047s] Invoking command in '/home/autretechlab/Documents/GitHub/ATL_ThymioII_ROS2_bridge/src/build/thymio2_bringup': CMAKE_PREFIX_PATH=${CMAKE_PREFIX_PATH}:/home/autretechlab/Documents/GitHub/ATL_ThymioII_ROS2_bridge/install/thymio2_ros2_bridge_py_pkg:/home/autretechlab/Documents/GitHub/ATL_ThymioII_ROS2_bridge/install/thymio2_ROS2_bridge_py_pkg:/opt/ros/foxy /usr/bin/cmake /home/autretechlab/Documents/GitHub/ATL_ThymioII_ROS2_bridge/src/thymio2_bringup -DCMAKE_INSTALL_PREFIX=/home/autretechlab/Documents/GitHub/ATL_ThymioII_ROS2_bridge/src/install/thymio2_bringup
[0.487s] -- The C compiler identification is GNU 9.3.0
[0.487s] -- The CXX compiler identification is GNU 9.3.0
[0.498s] -- Check for working C compiler: /usr/bin/cc
[0.614s] -- Check for working C compiler: /usr/bin/cc -- works
[0.616s] -- Detecting C compiler ABI info
[0.746s] -- Detecting C compiler ABI info - done
[0.778s] -- Detecting C compile features
[0.779s] -- Detecting C compile features - done
[0.785s] -- Check for working CXX compiler: /usr/bin/c++
[0.948s] -- Check for working CXX compiler: /usr/bin/c++ -- works
[0.950s] -- Detecting CXX compiler ABI info
[1.104s] -- Detecting CXX compiler ABI info - done
[1.132s] -- Detecting CXX compile features
[1.133s] -- Detecting CXX compile features - done
[1.137s] -- Found ament_cmake: 0.9.6 (/opt/ros/foxy/share/ament_cmake/cmake)
[1.189s] -- Found PythonInterp: /usr/bin/python3 (found suitable version "3.8.5", minimum required is "3") 
[1.189s] -- Using PYTHON_EXECUTABLE: /usr/bin/python3
[1.553s] -- Found ament_lint_auto: 0.9.5 (/opt/ros/foxy/share/ament_lint_auto/cmake)
[1.699s] -- Added test 'copyright' to check source files copyright and LICENSE
[1.702s] -- Added test 'flake8' to check Python code syntax and style conventions
[1.703s] -- Added test 'lint_cmake' to check CMake code style
[1.704s] -- Added test 'pep257' to check Python code against some of the style conventions in PEP 257
[1.705s] -- Added test 'xmllint' to check XML markup files
[1.709s] -- Configuring done
[1.712s] -- Generating done
[1.714s] -- Build files have been written to: /home/autretechlab/Documents/GitHub/ATL_ThymioII_ROS2_bridge/src/build/thymio2_bringup
[1.720s] Invoked command in '/home/autretechlab/Documents/GitHub/ATL_ThymioII_ROS2_bridge/src/build/thymio2_bringup' returned '0': CMAKE_PREFIX_PATH=${CMAKE_PREFIX_PATH}:/home/autretechlab/Documents/GitHub/ATL_ThymioII_ROS2_bridge/install/thymio2_ros2_bridge_py_pkg:/home/autretechlab/Documents/GitHub/ATL_ThymioII_ROS2_bridge/install/thymio2_ROS2_bridge_py_pkg:/opt/ros/foxy /usr/bin/cmake /home/autretechlab/Documents/GitHub/ATL_ThymioII_ROS2_bridge/src/thymio2_bringup -DCMAKE_INSTALL_PREFIX=/home/autretechlab/Documents/GitHub/ATL_ThymioII_ROS2_bridge/src/install/thymio2_bringup
[1.723s] Invoking command in '/home/autretechlab/Documents/GitHub/ATL_ThymioII_ROS2_bridge/src/build/thymio2_bringup': CMAKE_PREFIX_PATH=${CMAKE_PREFIX_PATH}:/home/autretechlab/Documents/GitHub/ATL_ThymioII_ROS2_bridge/install/thymio2_ros2_bridge_py_pkg:/home/autretechlab/Documents/GitHub/ATL_ThymioII_ROS2_bridge/install/thymio2_ROS2_bridge_py_pkg:/opt/ros/foxy /usr/bin/cmake --build /home/autretechlab/Documents/GitHub/ATL_ThymioII_ROS2_bridge/src/build/thymio2_bringup -- -j4 -l4
[1.776s] Invoked command in '/home/autretechlab/Documents/GitHub/ATL_ThymioII_ROS2_bridge/src/build/thymio2_bringup' returned '0': CMAKE_PREFIX_PATH=${CMAKE_PREFIX_PATH}:/home/autretechlab/Documents/GitHub/ATL_ThymioII_ROS2_bridge/install/thymio2_ros2_bridge_py_pkg:/home/autretechlab/Documents/GitHub/ATL_ThymioII_ROS2_bridge/install/thymio2_ROS2_bridge_py_pkg:/opt/ros/foxy /usr/bin/cmake --build /home/autretechlab/Documents/GitHub/ATL_ThymioII_ROS2_bridge/src/build/thymio2_bringup -- -j4 -l4
[1.820s] Invoking command in '/home/autretechlab/Documents/GitHub/ATL_ThymioII_ROS2_bridge/src/build/thymio2_bringup': CMAKE_PREFIX_PATH=${CMAKE_PREFIX_PATH}:/home/autretechlab/Documents/GitHub/ATL_ThymioII_ROS2_bridge/install/thymio2_ros2_bridge_py_pkg:/home/autretechlab/Documents/GitHub/ATL_ThymioII_ROS2_bridge/install/thymio2_ROS2_bridge_py_pkg:/opt/ros/foxy /usr/bin/cmake --install /home/autretechlab/Documents/GitHub/ATL_ThymioII_ROS2_bridge/src/build/thymio2_bringup
[1.831s] -- Install configuration: ""
[1.831s] -- Installing: /home/autretechlab/Documents/GitHub/ATL_ThymioII_ROS2_bridge/src/install/thymio2_bringup/share/ament_index/resource_index/package_run_dependencies/thymio2_bringup
[1.832s] -- Installing: /home/autretechlab/Documents/GitHub/ATL_ThymioII_ROS2_bridge/src/install/thymio2_bringup/share/ament_index/resource_index/parent_prefix_path/thymio2_bringup
[1.832s] -- Installing: /home/autretechlab/Documents/GitHub/ATL_ThymioII_ROS2_bridge/src/install/thymio2_bringup/share/thymio2_bringup/environment/ament_prefix_path.sh
[1.832s] -- Installing: /home/autretechlab/Documents/GitHub/ATL_ThymioII_ROS2_bridge/src/install/thymio2_bringup/share/thymio2_bringup/environment/ament_prefix_path.dsv
[1.832s] -- Installing: /home/autretechlab/Documents/GitHub/ATL_ThymioII_ROS2_bridge/src/install/thymio2_bringup/share/thymio2_bringup/environment/path.sh
[1.833s] -- Installing: /home/autretechlab/Documents/GitHub/ATL_ThymioII_ROS2_bridge/src/install/thymio2_bringup/share/thymio2_bringup/environment/path.dsv
[1.833s] -- Installing: /home/autretechlab/Documents/GitHub/ATL_ThymioII_ROS2_bridge/src/install/thymio2_bringup/share/thymio2_bringup/local_setup.bash
[1.833s] -- Installing: /home/autretechlab/Documents/GitHub/ATL_ThymioII_ROS2_bridge/src/install/thymio2_bringup/share/thymio2_bringup/local_setup.sh
[1.833s] -- Installing: /home/autretechlab/Documents/GitHub/ATL_ThymioII_ROS2_bridge/src/install/thymio2_bringup/share/thymio2_bringup/local_setup.zsh
[1.834s] -- Installing: /home/autretechlab/Documents/GitHub/ATL_ThymioII_ROS2_bridge/src/install/thymio2_bringup/share/thymio2_bringup/local_setup.dsv
[1.834s] -- Installing: /home/autretechlab/Documents/GitHub/ATL_ThymioII_ROS2_bridge/src/install/thymio2_bringup/share/thymio2_bringup/package.dsv
[1.834s] -- Installing: /home/autretechlab/Documents/GitHub/ATL_ThymioII_ROS2_bridge/src/install/thymio2_bringup/share/ament_index/resource_index/packages/thymio2_bringup
[1.835s] -- Installing: /home/autretechlab/Documents/GitHub/ATL_ThymioII_ROS2_bridge/src/install/thymio2_bringup/share/thymio2_bringup/cmake/thymio2_bringupConfig.cmake
[1.835s] -- Installing: /home/autretechlab/Documents/GitHub/ATL_ThymioII_ROS2_bridge/src/install/thymio2_bringup/share/thymio2_bringup/cmake/thymio2_bringupConfig-version.cmake
[1.835s] -- Installing: /home/autretechlab/Documents/GitHub/ATL_ThymioII_ROS2_bridge/src/install/thymio2_bringup/share/thymio2_bringup/package.xml
[1.840s] Invoked command in '/home/autretechlab/Documents/GitHub/ATL_ThymioII_ROS2_bridge/src/build/thymio2_bringup' returned '0': CMAKE_PREFIX_PATH=${CMAKE_PREFIX_PATH}:/home/autretechlab/Documents/GitHub/ATL_ThymioII_ROS2_bridge/install/thymio2_ros2_bridge_py_pkg:/home/autretechlab/Documents/GitHub/ATL_ThymioII_ROS2_bridge/install/thymio2_ROS2_bridge_py_pkg:/opt/ros/foxy /usr/bin/cmake --install /home/autretechlab/Documents/GitHub/ATL_ThymioII_ROS2_bridge/src/build/thymio2_bringup
