[0.367s] DEBUG:colcon:Command line arguments: ['/usr/bin/colcon', 'build']
[0.368s] DEBUG:colcon:Parsed command line arguments: Namespace(ament_cmake_args=None, base_paths=['.'], build_base='build', catkin_cmake_args=None, catkin_skip_building_tests=False, cmake_args=None, cmake_clean_cache=False, cmake_clean_first=False, cmake_force_configure=False, cmake_target=None, cmake_target_skip_unavailable=False, continue_on_error=False, event_handlers=None, executor='parallel', ignore_user_meta=False, install_base='install', log_base=None, log_level=None, main=<bound method BuildVerb.main of <colcon_core.verb.build.BuildVerb object at 0x7fa8f36c3640>>, merge_install=False, metas=['./colcon.meta'], packages_above=None, packages_above_and_dependencies=None, packages_above_depth=None, packages_end=None, packages_ignore=None, packages_ignore_regex=None, packages_select=None, packages_select_build_failed=False, packages_select_by_dep=None, packages_select_regex=None, packages_select_test_failures=False, packages_skip=None, packages_skip_build_finished=False, packages_skip_by_dep=None, packages_skip_regex=None, packages_skip_test_passed=False, packages_skip_up_to=None, packages_start=None, packages_up_to=None, packages_up_to_regex=None, parallel_workers=4, paths=None, symlink_install=False, test_result_base=None, verb_extension=<colcon_core.verb.build.BuildVerb object at 0x7fa8f36c3640>, verb_name='build', verb_parser=<colcon_defaults.argument_parser.defaults.DefaultArgumentsDecorator object at 0x7fa8f36c3b80>)
[0.382s] Level 1:colcon.colcon_core.package_discovery:discover_packages(colcon_meta) check parameters
[0.382s] Level 1:colcon.colcon_core.package_discovery:discover_packages(recursive) check parameters
[0.382s] Level 1:colcon.colcon_core.package_discovery:discover_packages(ignore) check parameters
[0.382s] Level 1:colcon.colcon_core.package_discovery:discover_packages(path) check parameters
[0.382s] Level 1:colcon.colcon_core.package_discovery:discover_packages(colcon_meta) discover
[0.382s] Level 1:colcon.colcon_core.package_discovery:discover_packages(recursive) discover
[0.382s] INFO:colcon.colcon_core.package_discovery:Crawling recursively for packages in '/home/autretechlab/Documents/GitHub/ATL_ThymioII_ROS2_bridge'
[0.383s] Level 1:colcon.colcon_core.package_identification:_identify(.) by extensions ['ignore', 'ignore_ament_install']
[0.383s] Level 1:colcon.colcon_core.package_identification:_identify(.) by extension 'ignore'
[0.383s] Level 1:colcon.colcon_core.package_identification:_identify(.) by extension 'ignore_ament_install'
[0.383s] Level 1:colcon.colcon_core.package_identification:_identify(.) by extensions ['colcon_pkg']
[0.383s] Level 1:colcon.colcon_core.package_identification:_identify(.) by extension 'colcon_pkg'
[0.383s] Level 1:colcon.colcon_core.package_identification:_identify(.) by extensions ['colcon_meta']
[0.383s] Level 1:colcon.colcon_core.package_identification:_identify(.) by extension 'colcon_meta'
[0.383s] Level 1:colcon.colcon_core.package_identification:_identify(.) by extensions ['ros']
[0.383s] Level 1:colcon.colcon_core.package_identification:_identify(.) by extension 'ros'
[0.402s] Level 1:colcon.colcon_core.package_identification:_identify(.) by extensions ['cmake', 'python']
[0.402s] Level 1:colcon.colcon_core.package_identification:_identify(.) by extension 'cmake'
[0.402s] Level 1:colcon.colcon_core.package_identification:_identify(.) by extension 'python'
[0.402s] Level 1:colcon.colcon_core.package_identification:_identify(.) by extensions ['python_setup_py']
[0.402s] Level 1:colcon.colcon_core.package_identification:_identify(.) by extension 'python_setup_py'
[0.402s] Level 1:colcon.colcon_core.package_identification:_identify(bin) by extensions ['ignore', 'ignore_ament_install']
[0.403s] Level 1:colcon.colcon_core.package_identification:_identify(bin) by extension 'ignore'
[0.403s] Level 1:colcon.colcon_core.package_identification:_identify(bin) by extension 'ignore_ament_install'
[0.403s] Level 1:colcon.colcon_core.package_identification:_identify(bin) by extensions ['colcon_pkg']
[0.403s] Level 1:colcon.colcon_core.package_identification:_identify(bin) by extension 'colcon_pkg'
[0.403s] Level 1:colcon.colcon_core.package_identification:_identify(bin) by extensions ['colcon_meta']
[0.403s] Level 1:colcon.colcon_core.package_identification:_identify(bin) by extension 'colcon_meta'
[0.403s] Level 1:colcon.colcon_core.package_identification:_identify(bin) by extensions ['ros']
[0.403s] Level 1:colcon.colcon_core.package_identification:_identify(bin) by extension 'ros'
[0.403s] Level 1:colcon.colcon_core.package_identification:_identify(bin) by extensions ['cmake', 'python']
[0.403s] Level 1:colcon.colcon_core.package_identification:_identify(bin) by extension 'cmake'
[0.403s] Level 1:colcon.colcon_core.package_identification:_identify(bin) by extension 'python'
[0.403s] Level 1:colcon.colcon_core.package_identification:_identify(bin) by extensions ['python_setup_py']
[0.403s] Level 1:colcon.colcon_core.package_identification:_identify(bin) by extension 'python_setup_py'
[0.404s] Level 1:colcon.colcon_core.package_identification:_identify(build) by extensions ['ignore', 'ignore_ament_install']
[0.404s] Level 1:colcon.colcon_core.package_identification:_identify(build) by extension 'ignore'
[0.404s] Level 1:colcon.colcon_core.package_identification:_identify(build) ignored
[0.404s] Level 1:colcon.colcon_core.package_identification:_identify(install) by extensions ['ignore', 'ignore_ament_install']
[0.404s] Level 1:colcon.colcon_core.package_identification:_identify(install) by extension 'ignore'
[0.404s] Level 1:colcon.colcon_core.package_identification:_identify(install) ignored
[0.404s] Level 1:colcon.colcon_core.package_identification:_identify(log) by extensions ['ignore', 'ignore_ament_install']
[0.404s] Level 1:colcon.colcon_core.package_identification:_identify(log) by extension 'ignore'
[0.404s] Level 1:colcon.colcon_core.package_identification:_identify(log) ignored
[0.405s] Level 1:colcon.colcon_core.package_identification:_identify(maps) by extensions ['ignore', 'ignore_ament_install']
[0.405s] Level 1:colcon.colcon_core.package_identification:_identify(maps) by extension 'ignore'
[0.405s] Level 1:colcon.colcon_core.package_identification:_identify(maps) by extension 'ignore_ament_install'
[0.405s] Level 1:colcon.colcon_core.package_identification:_identify(maps) by extensions ['colcon_pkg']
[0.405s] Level 1:colcon.colcon_core.package_identification:_identify(maps) by extension 'colcon_pkg'
[0.405s] Level 1:colcon.colcon_core.package_identification:_identify(maps) by extensions ['colcon_meta']
[0.405s] Level 1:colcon.colcon_core.package_identification:_identify(maps) by extension 'colcon_meta'
[0.405s] Level 1:colcon.colcon_core.package_identification:_identify(maps) by extensions ['ros']
[0.405s] Level 1:colcon.colcon_core.package_identification:_identify(maps) by extension 'ros'
[0.405s] Level 1:colcon.colcon_core.package_identification:_identify(maps) by extensions ['cmake', 'python']
[0.405s] Level 1:colcon.colcon_core.package_identification:_identify(maps) by extension 'cmake'
[0.405s] Level 1:colcon.colcon_core.package_identification:_identify(maps) by extension 'python'
[0.406s] Level 1:colcon.colcon_core.package_identification:_identify(maps) by extensions ['python_setup_py']
[0.406s] Level 1:colcon.colcon_core.package_identification:_identify(maps) by extension 'python_setup_py'
[0.406s] Level 1:colcon.colcon_core.package_identification:_identify(src) by extensions ['ignore', 'ignore_ament_install']
[0.406s] Level 1:colcon.colcon_core.package_identification:_identify(src) by extension 'ignore'
[0.406s] Level 1:colcon.colcon_core.package_identification:_identify(src) by extension 'ignore_ament_install'
[0.406s] Level 1:colcon.colcon_core.package_identification:_identify(src) by extensions ['colcon_pkg']
[0.406s] Level 1:colcon.colcon_core.package_identification:_identify(src) by extension 'colcon_pkg'
[0.406s] Level 1:colcon.colcon_core.package_identification:_identify(src) by extensions ['colcon_meta']
[0.406s] Level 1:colcon.colcon_core.package_identification:_identify(src) by extension 'colcon_meta'
[0.406s] Level 1:colcon.colcon_core.package_identification:_identify(src) by extensions ['ros']
[0.406s] Level 1:colcon.colcon_core.package_identification:_identify(src) by extension 'ros'
[0.406s] Level 1:colcon.colcon_core.package_identification:_identify(src) by extensions ['cmake', 'python']
[0.406s] Level 1:colcon.colcon_core.package_identification:_identify(src) by extension 'cmake'
[0.406s] Level 1:colcon.colcon_core.package_identification:_identify(src) by extension 'python'
[0.407s] Level 1:colcon.colcon_core.package_identification:_identify(src) by extensions ['python_setup_py']
[0.407s] Level 1:colcon.colcon_core.package_identification:_identify(src) by extension 'python_setup_py'
[0.407s] Level 1:colcon.colcon_core.package_identification:_identify(src/thymioII_pkg) by extensions ['ignore', 'ignore_ament_install']
[0.407s] Level 1:colcon.colcon_core.package_identification:_identify(src/thymioII_pkg) by extension 'ignore'
[0.407s] Level 1:colcon.colcon_core.package_identification:_identify(src/thymioII_pkg) by extension 'ignore_ament_install'
[0.407s] Level 1:colcon.colcon_core.package_identification:_identify(src/thymioII_pkg) by extensions ['colcon_pkg']
[0.407s] Level 1:colcon.colcon_core.package_identification:_identify(src/thymioII_pkg) by extension 'colcon_pkg'
[0.407s] Level 1:colcon.colcon_core.package_identification:_identify(src/thymioII_pkg) by extensions ['colcon_meta']
[0.407s] Level 1:colcon.colcon_core.package_identification:_identify(src/thymioII_pkg) by extension 'colcon_meta'
[0.407s] Level 1:colcon.colcon_core.package_identification:_identify(src/thymioII_pkg) by extensions ['ros']
[0.407s] Level 1:colcon.colcon_core.package_identification:_identify(src/thymioII_pkg) by extension 'ros'
[0.412s] DEBUG:colcon.colcon_core.package_identification:Package 'src/thymioII_pkg' with type 'ros.ament_python' and name 'thymioII_pkg'
[0.412s] Level 1:colcon.colcon_core.package_identification:_identify(tutorials) by extensions ['ignore', 'ignore_ament_install']
[0.412s] Level 1:colcon.colcon_core.package_identification:_identify(tutorials) by extension 'ignore'
[0.412s] Level 1:colcon.colcon_core.package_identification:_identify(tutorials) by extension 'ignore_ament_install'
[0.412s] Level 1:colcon.colcon_core.package_identification:_identify(tutorials) by extensions ['colcon_pkg']
[0.412s] Level 1:colcon.colcon_core.package_identification:_identify(tutorials) by extension 'colcon_pkg'
[0.412s] Level 1:colcon.colcon_core.package_identification:_identify(tutorials) by extensions ['colcon_meta']
[0.412s] Level 1:colcon.colcon_core.package_identification:_identify(tutorials) by extension 'colcon_meta'
[0.413s] Level 1:colcon.colcon_core.package_identification:_identify(tutorials) by extensions ['ros']
[0.413s] Level 1:colcon.colcon_core.package_identification:_identify(tutorials) by extension 'ros'
[0.413s] Level 1:colcon.colcon_core.package_identification:_identify(tutorials) by extensions ['cmake', 'python']
[0.413s] Level 1:colcon.colcon_core.package_identification:_identify(tutorials) by extension 'cmake'
[0.413s] Level 1:colcon.colcon_core.package_identification:_identify(tutorials) by extension 'python'
[0.413s] Level 1:colcon.colcon_core.package_identification:_identify(tutorials) by extensions ['python_setup_py']
[0.413s] Level 1:colcon.colcon_core.package_identification:_identify(tutorials) by extension 'python_setup_py'
[0.413s] Level 1:colcon.colcon_core.package_discovery:discover_packages(recursive) using defaults
[0.413s] Level 1:colcon.colcon_core.package_discovery:discover_packages(ignore) discover
[0.413s] Level 1:colcon.colcon_core.package_discovery:discover_packages(ignore) using defaults
[0.413s] Level 1:colcon.colcon_core.package_discovery:discover_packages(path) discover
[0.413s] Level 1:colcon.colcon_core.package_discovery:discover_packages(path) using defaults
[0.482s] Level 5:colcon.colcon_core.verb:set package 'thymioII_pkg' build argument 'cmake_args' from command line to 'None'
[0.482s] Level 5:colcon.colcon_core.verb:set package 'thymioII_pkg' build argument 'cmake_target' from command line to 'None'
[0.483s] Level 5:colcon.colcon_core.verb:set package 'thymioII_pkg' build argument 'cmake_target_skip_unavailable' from command line to 'False'
[0.483s] Level 5:colcon.colcon_core.verb:set package 'thymioII_pkg' build argument 'cmake_clean_cache' from command line to 'False'
[0.483s] Level 5:colcon.colcon_core.verb:set package 'thymioII_pkg' build argument 'cmake_clean_first' from command line to 'False'
[0.483s] Level 5:colcon.colcon_core.verb:set package 'thymioII_pkg' build argument 'cmake_force_configure' from command line to 'False'
[0.483s] Level 5:colcon.colcon_core.verb:set package 'thymioII_pkg' build argument 'ament_cmake_args' from command line to 'None'
[0.483s] Level 5:colcon.colcon_core.verb:set package 'thymioII_pkg' build argument 'catkin_cmake_args' from command line to 'None'
[0.483s] Level 5:colcon.colcon_core.verb:set package 'thymioII_pkg' build argument 'catkin_skip_building_tests' from command line to 'False'
[0.483s] DEBUG:colcon.colcon_core.verb:Building package 'thymioII_pkg' with the following arguments: {'ament_cmake_args': None, 'build_base': '/home/autretechlab/Documents/GitHub/ATL_ThymioII_ROS2_bridge/build/thymioII_pkg', 'catkin_cmake_args': None, 'catkin_skip_building_tests': False, 'cmake_args': None, 'cmake_clean_cache': False, 'cmake_clean_first': False, 'cmake_force_configure': False, 'cmake_target': None, 'cmake_target_skip_unavailable': False, 'install_base': '/home/autretechlab/Documents/GitHub/ATL_ThymioII_ROS2_bridge/install/thymioII_pkg', 'merge_install': False, 'path': '/home/autretechlab/Documents/GitHub/ATL_ThymioII_ROS2_bridge/src/thymioII_pkg', 'symlink_install': False, 'test_result_base': None}
[0.484s] INFO:colcon.colcon_core.executor:Executing jobs using 'parallel' executor
[0.488s] DEBUG:colcon.colcon_parallel_executor.executor.parallel:run_until_complete
[0.488s] INFO:colcon.colcon_ros.task.ament_python.build:Building ROS package in '/home/autretechlab/Documents/GitHub/ATL_ThymioII_ROS2_bridge/src/thymioII_pkg' with build type 'ament_python'
[0.488s] Level 1:colcon.colcon_core.shell:create_environment_hook('thymioII_pkg', 'ament_prefix_path')
[0.496s] INFO:colcon.colcon_core.plugin_system:Skipping extension 'colcon_core.shell.bat': Not used on non-Windows systems
[0.497s] INFO:colcon.colcon_core.shell:Creating environment hook '/home/autretechlab/Documents/GitHub/ATL_ThymioII_ROS2_bridge/install/thymioII_pkg/share/thymioII_pkg/hook/ament_prefix_path.ps1'
[0.498s] INFO:colcon.colcon_core.shell:Creating environment descriptor '/home/autretechlab/Documents/GitHub/ATL_ThymioII_ROS2_bridge/install/thymioII_pkg/share/thymioII_pkg/hook/ament_prefix_path.dsv'
[0.499s] INFO:colcon.colcon_core.shell:Creating environment hook '/home/autretechlab/Documents/GitHub/ATL_ThymioII_ROS2_bridge/install/thymioII_pkg/share/thymioII_pkg/hook/ament_prefix_path.sh'
[0.501s] INFO:colcon.colcon_core.shell:Skip shell extension 'powershell' for command environment: Not usable outside of PowerShell
[0.502s] DEBUG:colcon.colcon_core.shell:Skip shell extension 'dsv' for command environment
[0.507s] DEBUG:colcon.colcon_core.shell:Ignoring prefix path '/opt/ros/foxy'
[0.797s] INFO:colcon.colcon_core.task.python.build:Building Python package in '/home/autretechlab/Documents/GitHub/ATL_ThymioII_ROS2_bridge/src/thymioII_pkg'
[0.799s] INFO:colcon.colcon_core.shell:Skip shell extension 'powershell' for command environment: Not usable outside of PowerShell
[0.799s] DEBUG:colcon.colcon_core.shell:Skip shell extension 'dsv' for command environment
[0.804s] DEBUG:colcon.colcon_core.shell:Ignoring prefix path '/opt/ros/foxy'
[0.817s] DEBUG:colcon.colcon_core.event_handler.log_command:Invoking command in '/home/autretechlab/Documents/GitHub/ATL_ThymioII_ROS2_bridge/src/thymioII_pkg': PYTHONPATH=/home/autretechlab/Documents/GitHub/ATL_ThymioII_ROS2_bridge/install/thymioII_pkg/lib/python3.8/site-packages:${PYTHONPATH} /usr/bin/python3 setup.py egg_info --egg-base ../../build/thymioII_pkg build --build-base /home/autretechlab/Documents/GitHub/ATL_ThymioII_ROS2_bridge/build/thymioII_pkg/build install --prefix /home/autretechlab/Documents/GitHub/ATL_ThymioII_ROS2_bridge/install/thymioII_pkg --record /home/autretechlab/Documents/GitHub/ATL_ThymioII_ROS2_bridge/build/thymioII_pkg/install.log --single-version-externally-managed
[1.229s] DEBUG:colcon.colcon_core.event_handler.log_command:Invoked command in '/home/autretechlab/Documents/GitHub/ATL_ThymioII_ROS2_bridge/src/thymioII_pkg' returned '0': PYTHONPATH=/home/autretechlab/Documents/GitHub/ATL_ThymioII_ROS2_bridge/install/thymioII_pkg/lib/python3.8/site-packages:${PYTHONPATH} /usr/bin/python3 setup.py egg_info --egg-base ../../build/thymioII_pkg build --build-base /home/autretechlab/Documents/GitHub/ATL_ThymioII_ROS2_bridge/build/thymioII_pkg/build install --prefix /home/autretechlab/Documents/GitHub/ATL_ThymioII_ROS2_bridge/install/thymioII_pkg --record /home/autretechlab/Documents/GitHub/ATL_ThymioII_ROS2_bridge/build/thymioII_pkg/install.log --single-version-externally-managed
[1.238s] Level 1:colcon.colcon_core.environment:checking '/home/autretechlab/Documents/GitHub/ATL_ThymioII_ROS2_bridge/install/thymioII_pkg' for CMake module files
[1.239s] Level 1:colcon.colcon_core.environment:checking '/home/autretechlab/Documents/GitHub/ATL_ThymioII_ROS2_bridge/install/thymioII_pkg' for CMake config files
[1.240s] Level 1:colcon.colcon_core.environment:checking '/home/autretechlab/Documents/GitHub/ATL_ThymioII_ROS2_bridge/install/thymioII_pkg/lib'
[1.241s] Level 1:colcon.colcon_core.environment:checking '/home/autretechlab/Documents/GitHub/ATL_ThymioII_ROS2_bridge/install/thymioII_pkg/bin'
[1.241s] Level 1:colcon.colcon_core.environment:checking '/home/autretechlab/Documents/GitHub/ATL_ThymioII_ROS2_bridge/install/thymioII_pkg/lib/pkgconfig/thymioII_pkg.pc'
[1.241s] Level 1:colcon.colcon_core.environment:checking '/home/autretechlab/Documents/GitHub/ATL_ThymioII_ROS2_bridge/install/thymioII_pkg/lib/python3.8/site-packages'
[1.241s] Level 1:colcon.colcon_core.shell:create_environment_hook('thymioII_pkg', 'pythonpath')
[1.242s] INFO:colcon.colcon_core.shell:Creating environment hook '/home/autretechlab/Documents/GitHub/ATL_ThymioII_ROS2_bridge/install/thymioII_pkg/share/thymioII_pkg/hook/pythonpath.ps1'
[1.243s] INFO:colcon.colcon_core.shell:Creating environment descriptor '/home/autretechlab/Documents/GitHub/ATL_ThymioII_ROS2_bridge/install/thymioII_pkg/share/thymioII_pkg/hook/pythonpath.dsv'
[1.244s] INFO:colcon.colcon_core.shell:Creating environment hook '/home/autretechlab/Documents/GitHub/ATL_ThymioII_ROS2_bridge/install/thymioII_pkg/share/thymioII_pkg/hook/pythonpath.sh'
[1.244s] Level 1:colcon.colcon_core.environment:create_environment_scripts_only(thymioII_pkg)
[1.245s] INFO:colcon.colcon_core.shell:Creating package script '/home/autretechlab/Documents/GitHub/ATL_ThymioII_ROS2_bridge/install/thymioII_pkg/share/thymioII_pkg/package.ps1'
[1.247s] INFO:colcon.colcon_core.shell:Creating package descriptor '/home/autretechlab/Documents/GitHub/ATL_ThymioII_ROS2_bridge/install/thymioII_pkg/share/thymioII_pkg/package.dsv'
[1.248s] INFO:colcon.colcon_core.shell:Creating package script '/home/autretechlab/Documents/GitHub/ATL_ThymioII_ROS2_bridge/install/thymioII_pkg/share/thymioII_pkg/package.sh'
[1.250s] INFO:colcon.colcon_core.shell:Creating package script '/home/autretechlab/Documents/GitHub/ATL_ThymioII_ROS2_bridge/install/thymioII_pkg/share/thymioII_pkg/package.bash'
[1.251s] INFO:colcon.colcon_core.shell:Creating package script '/home/autretechlab/Documents/GitHub/ATL_ThymioII_ROS2_bridge/install/thymioII_pkg/share/thymioII_pkg/package.zsh'
[1.252s] Level 1:colcon.colcon_core.environment:create_file_with_runtime_dependencies(/home/autretechlab/Documents/GitHub/ATL_ThymioII_ROS2_bridge/install/thymioII_pkg/share/colcon-core/packages/thymioII_pkg)
[1.252s] DEBUG:colcon.colcon_parallel_executor.executor.parallel:closing loop
[1.253s] DEBUG:colcon.colcon_parallel_executor.executor.parallel:loop closed
[1.253s] DEBUG:colcon.colcon_parallel_executor.executor.parallel:run_until_complete finished with '0'
[1.254s] DEBUG:colcon.colcon_core.event_reactor:joining thread
[1.276s] INFO:colcon.colcon_core.plugin_system:Skipping extension 'colcon_notification.desktop_notification.terminal_notifier': Not used on non-Darwin systems
[1.276s] INFO:colcon.colcon_core.plugin_system:Skipping extension 'colcon_notification.desktop_notification.win32': Not used on non-Windows systems
[1.276s] INFO:colcon.colcon_notification.desktop_notification:Sending desktop notification using 'notify2'
[1.316s] DEBUG:colcon.colcon_core.event_reactor:joined thread
[1.318s] INFO:colcon.colcon_core.shell:Creating prefix script '/home/autretechlab/Documents/GitHub/ATL_ThymioII_ROS2_bridge/install/local_setup.ps1'
[1.319s] INFO:colcon.colcon_core.shell:Creating prefix util module '/home/autretechlab/Documents/GitHub/ATL_ThymioII_ROS2_bridge/install/_local_setup_util_ps1.py'
[1.321s] INFO:colcon.colcon_core.shell:Creating prefix chain script '/home/autretechlab/Documents/GitHub/ATL_ThymioII_ROS2_bridge/install/setup.ps1'
[1.325s] INFO:colcon.colcon_core.shell:Creating prefix script '/home/autretechlab/Documents/GitHub/ATL_ThymioII_ROS2_bridge/install/local_setup.sh'
[1.327s] INFO:colcon.colcon_core.shell:Creating prefix util module '/home/autretechlab/Documents/GitHub/ATL_ThymioII_ROS2_bridge/install/_local_setup_util_sh.py'
[1.328s] INFO:colcon.colcon_core.shell:Creating prefix chain script '/home/autretechlab/Documents/GitHub/ATL_ThymioII_ROS2_bridge/install/setup.sh'
[1.332s] INFO:colcon.colcon_core.shell:Creating prefix script '/home/autretechlab/Documents/GitHub/ATL_ThymioII_ROS2_bridge/install/local_setup.bash'
[1.333s] INFO:colcon.colcon_core.shell:Creating prefix chain script '/home/autretechlab/Documents/GitHub/ATL_ThymioII_ROS2_bridge/install/setup.bash'
[1.336s] INFO:colcon.colcon_core.shell:Creating prefix script '/home/autretechlab/Documents/GitHub/ATL_ThymioII_ROS2_bridge/install/local_setup.zsh'
[1.337s] INFO:colcon.colcon_core.shell:Creating prefix chain script '/home/autretechlab/Documents/GitHub/ATL_ThymioII_ROS2_bridge/install/setup.zsh'
