[0.379s] DEBUG:colcon:Command line arguments: ['/usr/bin/colcon', 'build']
[0.379s] DEBUG:colcon:Parsed command line arguments: Namespace(ament_cmake_args=None, base_paths=['.'], build_base='build', catkin_cmake_args=None, catkin_skip_building_tests=False, cmake_args=None, cmake_clean_cache=False, cmake_clean_first=False, cmake_force_configure=False, cmake_target=None, cmake_target_skip_unavailable=False, continue_on_error=False, event_handlers=None, executor='parallel', ignore_user_meta=False, install_base='install', log_base=None, log_level=None, main=<bound method BuildVerb.main of <colcon_core.verb.build.BuildVerb object at 0x7f163c3e6b50>>, merge_install=False, metas=['./colcon.meta'], packages_above=None, packages_above_and_dependencies=None, packages_above_depth=None, packages_end=None, packages_ignore=None, packages_ignore_regex=None, packages_select=None, packages_select_build_failed=False, packages_select_by_dep=None, packages_select_regex=None, packages_select_test_failures=False, packages_skip=None, packages_skip_build_finished=False, packages_skip_by_dep=None, packages_skip_regex=None, packages_skip_test_passed=False, packages_skip_up_to=None, packages_start=None, packages_up_to=None, packages_up_to_regex=None, parallel_workers=4, paths=None, symlink_install=False, test_result_base=None, verb_extension=<colcon_core.verb.build.BuildVerb object at 0x7f163c3e6b50>, verb_name='build', verb_parser=<colcon_defaults.argument_parser.defaults.DefaultArgumentsDecorator object at 0x7f163c3f2100>)
[0.391s] Level 1:colcon.colcon_core.package_discovery:discover_packages(colcon_meta) check parameters
[0.392s] Level 1:colcon.colcon_core.package_discovery:discover_packages(recursive) check parameters
[0.392s] Level 1:colcon.colcon_core.package_discovery:discover_packages(ignore) check parameters
[0.392s] Level 1:colcon.colcon_core.package_discovery:discover_packages(path) check parameters
[0.392s] Level 1:colcon.colcon_core.package_discovery:discover_packages(colcon_meta) discover
[0.392s] Level 1:colcon.colcon_core.package_discovery:discover_packages(recursive) discover
[0.392s] INFO:colcon.colcon_core.package_discovery:Crawling recursively for packages in '/home/autretechlab/Documents/GitHub/ATL_ThymioII_ROS2_bridge/src'
[0.392s] Level 1:colcon.colcon_core.package_identification:_identify(.) by extensions ['ignore', 'ignore_ament_install']
[0.392s] Level 1:colcon.colcon_core.package_identification:_identify(.) by extension 'ignore'
[0.392s] Level 1:colcon.colcon_core.package_identification:_identify(.) by extension 'ignore_ament_install'
[0.392s] Level 1:colcon.colcon_core.package_identification:_identify(.) by extensions ['colcon_pkg']
[0.393s] Level 1:colcon.colcon_core.package_identification:_identify(.) by extension 'colcon_pkg'
[0.393s] Level 1:colcon.colcon_core.package_identification:_identify(.) by extensions ['colcon_meta']
[0.393s] Level 1:colcon.colcon_core.package_identification:_identify(.) by extension 'colcon_meta'
[0.393s] Level 1:colcon.colcon_core.package_identification:_identify(.) by extensions ['ros']
[0.393s] Level 1:colcon.colcon_core.package_identification:_identify(.) by extension 'ros'
[0.412s] Level 1:colcon.colcon_core.package_identification:_identify(.) by extensions ['cmake', 'python']
[0.412s] Level 1:colcon.colcon_core.package_identification:_identify(.) by extension 'cmake'
[0.412s] Level 1:colcon.colcon_core.package_identification:_identify(.) by extension 'python'
[0.412s] Level 1:colcon.colcon_core.package_identification:_identify(.) by extensions ['python_setup_py']
[0.412s] Level 1:colcon.colcon_core.package_identification:_identify(.) by extension 'python_setup_py'
[0.413s] Level 1:colcon.colcon_core.package_identification:_identify(build) by extensions ['ignore', 'ignore_ament_install']
[0.413s] Level 1:colcon.colcon_core.package_identification:_identify(build) by extension 'ignore'
[0.413s] Level 1:colcon.colcon_core.package_identification:_identify(build) ignored
[0.413s] Level 1:colcon.colcon_core.package_identification:_identify(install) by extensions ['ignore', 'ignore_ament_install']
[0.413s] Level 1:colcon.colcon_core.package_identification:_identify(install) by extension 'ignore'
[0.413s] Level 1:colcon.colcon_core.package_identification:_identify(install) ignored
[0.413s] Level 1:colcon.colcon_core.package_identification:_identify(log) by extensions ['ignore', 'ignore_ament_install']
[0.413s] Level 1:colcon.colcon_core.package_identification:_identify(log) by extension 'ignore'
[0.413s] Level 1:colcon.colcon_core.package_identification:_identify(log) ignored
[0.414s] Level 1:colcon.colcon_core.package_identification:_identify(thymio2_bringup) by extensions ['ignore', 'ignore_ament_install']
[0.414s] Level 1:colcon.colcon_core.package_identification:_identify(thymio2_bringup) by extension 'ignore'
[0.414s] Level 1:colcon.colcon_core.package_identification:_identify(thymio2_bringup) by extension 'ignore_ament_install'
[0.414s] Level 1:colcon.colcon_core.package_identification:_identify(thymio2_bringup) by extensions ['colcon_pkg']
[0.414s] Level 1:colcon.colcon_core.package_identification:_identify(thymio2_bringup) by extension 'colcon_pkg'
[0.414s] Level 1:colcon.colcon_core.package_identification:_identify(thymio2_bringup) by extensions ['colcon_meta']
[0.414s] Level 1:colcon.colcon_core.package_identification:_identify(thymio2_bringup) by extension 'colcon_meta'
[0.414s] Level 1:colcon.colcon_core.package_identification:_identify(thymio2_bringup) by extensions ['ros']
[0.414s] Level 1:colcon.colcon_core.package_identification:_identify(thymio2_bringup) by extension 'ros'
[0.418s] DEBUG:colcon.colcon_core.package_identification:Package 'thymio2_bringup' with type 'ros.ament_cmake' and name 'thymio2_bringup'
[0.418s] Level 1:colcon.colcon_core.package_identification:_identify(thymio2_interfaces) by extensions ['ignore', 'ignore_ament_install']
[0.418s] Level 1:colcon.colcon_core.package_identification:_identify(thymio2_interfaces) by extension 'ignore'
[0.419s] Level 1:colcon.colcon_core.package_identification:_identify(thymio2_interfaces) by extension 'ignore_ament_install'
[0.419s] Level 1:colcon.colcon_core.package_identification:_identify(thymio2_interfaces) by extensions ['colcon_pkg']
[0.419s] Level 1:colcon.colcon_core.package_identification:_identify(thymio2_interfaces) by extension 'colcon_pkg'
[0.419s] Level 1:colcon.colcon_core.package_identification:_identify(thymio2_interfaces) by extensions ['colcon_meta']
[0.419s] Level 1:colcon.colcon_core.package_identification:_identify(thymio2_interfaces) by extension 'colcon_meta'
[0.419s] Level 1:colcon.colcon_core.package_identification:_identify(thymio2_interfaces) by extensions ['ros']
[0.419s] Level 1:colcon.colcon_core.package_identification:_identify(thymio2_interfaces) by extension 'ros'
[0.420s] DEBUG:colcon.colcon_core.package_identification:Package 'thymio2_interfaces' with type 'ros.ament_cmake' and name 'thymio2_interfaces'
[0.420s] Level 1:colcon.colcon_core.package_identification:_identify(thymio2_ros2_bridge_py_pkg) by extensions ['ignore', 'ignore_ament_install']
[0.420s] Level 1:colcon.colcon_core.package_identification:_identify(thymio2_ros2_bridge_py_pkg) by extension 'ignore'
[0.420s] Level 1:colcon.colcon_core.package_identification:_identify(thymio2_ros2_bridge_py_pkg) by extension 'ignore_ament_install'
[0.420s] Level 1:colcon.colcon_core.package_identification:_identify(thymio2_ros2_bridge_py_pkg) by extensions ['colcon_pkg']
[0.420s] Level 1:colcon.colcon_core.package_identification:_identify(thymio2_ros2_bridge_py_pkg) by extension 'colcon_pkg'
[0.420s] Level 1:colcon.colcon_core.package_identification:_identify(thymio2_ros2_bridge_py_pkg) by extensions ['colcon_meta']
[0.420s] Level 1:colcon.colcon_core.package_identification:_identify(thymio2_ros2_bridge_py_pkg) by extension 'colcon_meta'
[0.421s] Level 1:colcon.colcon_core.package_identification:_identify(thymio2_ros2_bridge_py_pkg) by extensions ['ros']
[0.421s] Level 1:colcon.colcon_core.package_identification:_identify(thymio2_ros2_bridge_py_pkg) by extension 'ros'
[0.422s] DEBUG:colcon.colcon_core.package_identification:Package 'thymio2_ros2_bridge_py_pkg' with type 'ros.ament_python' and name 'thymio2_ros2_bridge_py_pkg'
[0.422s] Level 1:colcon.colcon_core.package_identification:_identify(thymio2_ros2_tutorials_py_pkg) by extensions ['ignore', 'ignore_ament_install']
[0.422s] Level 1:colcon.colcon_core.package_identification:_identify(thymio2_ros2_tutorials_py_pkg) by extension 'ignore'
[0.422s] Level 1:colcon.colcon_core.package_identification:_identify(thymio2_ros2_tutorials_py_pkg) by extension 'ignore_ament_install'
[0.422s] Level 1:colcon.colcon_core.package_identification:_identify(thymio2_ros2_tutorials_py_pkg) by extensions ['colcon_pkg']
[0.422s] Level 1:colcon.colcon_core.package_identification:_identify(thymio2_ros2_tutorials_py_pkg) by extension 'colcon_pkg'
[0.422s] Level 1:colcon.colcon_core.package_identification:_identify(thymio2_ros2_tutorials_py_pkg) by extensions ['colcon_meta']
[0.422s] Level 1:colcon.colcon_core.package_identification:_identify(thymio2_ros2_tutorials_py_pkg) by extension 'colcon_meta'
[0.422s] Level 1:colcon.colcon_core.package_identification:_identify(thymio2_ros2_tutorials_py_pkg) by extensions ['ros']
[0.422s] Level 1:colcon.colcon_core.package_identification:_identify(thymio2_ros2_tutorials_py_pkg) by extension 'ros'
[0.423s] DEBUG:colcon.colcon_core.package_identification:Package 'thymio2_ros2_tutorials_py_pkg' with type 'ros.ament_python' and name 'thymio2_ros2_tutorials_py_pkg'
[0.423s] Level 1:colcon.colcon_core.package_discovery:discover_packages(recursive) using defaults
[0.424s] Level 1:colcon.colcon_core.package_discovery:discover_packages(ignore) discover
[0.424s] Level 1:colcon.colcon_core.package_discovery:discover_packages(ignore) using defaults
[0.424s] Level 1:colcon.colcon_core.package_discovery:discover_packages(path) discover
[0.424s] Level 1:colcon.colcon_core.package_discovery:discover_packages(path) using defaults
[0.461s] Level 5:colcon.colcon_core.verb:set package 'thymio2_bringup' build argument 'cmake_args' from command line to 'None'
[0.461s] Level 5:colcon.colcon_core.verb:set package 'thymio2_bringup' build argument 'cmake_target' from command line to 'None'
[0.462s] Level 5:colcon.colcon_core.verb:set package 'thymio2_bringup' build argument 'cmake_target_skip_unavailable' from command line to 'False'
[0.462s] Level 5:colcon.colcon_core.verb:set package 'thymio2_bringup' build argument 'cmake_clean_cache' from command line to 'False'
[0.462s] Level 5:colcon.colcon_core.verb:set package 'thymio2_bringup' build argument 'cmake_clean_first' from command line to 'False'
[0.462s] Level 5:colcon.colcon_core.verb:set package 'thymio2_bringup' build argument 'cmake_force_configure' from command line to 'False'
[0.462s] Level 5:colcon.colcon_core.verb:set package 'thymio2_bringup' build argument 'ament_cmake_args' from command line to 'None'
[0.462s] Level 5:colcon.colcon_core.verb:set package 'thymio2_bringup' build argument 'catkin_cmake_args' from command line to 'None'
[0.462s] Level 5:colcon.colcon_core.verb:set package 'thymio2_bringup' build argument 'catkin_skip_building_tests' from command line to 'False'
[0.462s] DEBUG:colcon.colcon_core.verb:Building package 'thymio2_bringup' with the following arguments: {'ament_cmake_args': None, 'build_base': '/home/autretechlab/Documents/GitHub/ATL_ThymioII_ROS2_bridge/src/build/thymio2_bringup', 'catkin_cmake_args': None, 'catkin_skip_building_tests': False, 'cmake_args': None, 'cmake_clean_cache': False, 'cmake_clean_first': False, 'cmake_force_configure': False, 'cmake_target': None, 'cmake_target_skip_unavailable': False, 'install_base': '/home/autretechlab/Documents/GitHub/ATL_ThymioII_ROS2_bridge/src/install/thymio2_bringup', 'merge_install': False, 'path': '/home/autretechlab/Documents/GitHub/ATL_ThymioII_ROS2_bridge/src/thymio2_bringup', 'symlink_install': False, 'test_result_base': None}
[0.465s] Level 5:colcon.colcon_core.verb:set package 'thymio2_interfaces' build argument 'cmake_args' from command line to 'None'
[0.465s] Level 5:colcon.colcon_core.verb:set package 'thymio2_interfaces' build argument 'cmake_target' from command line to 'None'
[0.465s] Level 5:colcon.colcon_core.verb:set package 'thymio2_interfaces' build argument 'cmake_target_skip_unavailable' from command line to 'False'
[0.465s] Level 5:colcon.colcon_core.verb:set package 'thymio2_interfaces' build argument 'cmake_clean_cache' from command line to 'False'
[0.466s] Level 5:colcon.colcon_core.verb:set package 'thymio2_interfaces' build argument 'cmake_clean_first' from command line to 'False'
[0.466s] Level 5:colcon.colcon_core.verb:set package 'thymio2_interfaces' build argument 'cmake_force_configure' from command line to 'False'
[0.466s] Level 5:colcon.colcon_core.verb:set package 'thymio2_interfaces' build argument 'ament_cmake_args' from command line to 'None'
[0.466s] Level 5:colcon.colcon_core.verb:set package 'thymio2_interfaces' build argument 'catkin_cmake_args' from command line to 'None'
[0.466s] Level 5:colcon.colcon_core.verb:set package 'thymio2_interfaces' build argument 'catkin_skip_building_tests' from command line to 'False'
[0.466s] DEBUG:colcon.colcon_core.verb:Building package 'thymio2_interfaces' with the following arguments: {'ament_cmake_args': None, 'build_base': '/home/autretechlab/Documents/GitHub/ATL_ThymioII_ROS2_bridge/src/build/thymio2_interfaces', 'catkin_cmake_args': None, 'catkin_skip_building_tests': False, 'cmake_args': None, 'cmake_clean_cache': False, 'cmake_clean_first': False, 'cmake_force_configure': False, 'cmake_target': None, 'cmake_target_skip_unavailable': False, 'install_base': '/home/autretechlab/Documents/GitHub/ATL_ThymioII_ROS2_bridge/src/install/thymio2_interfaces', 'merge_install': False, 'path': '/home/autretechlab/Documents/GitHub/ATL_ThymioII_ROS2_bridge/src/thymio2_interfaces', 'symlink_install': False, 'test_result_base': None}
[0.469s] Level 5:colcon.colcon_core.verb:set package 'thymio2_ros2_tutorials_py_pkg' build argument 'cmake_args' from command line to 'None'
[0.469s] Level 5:colcon.colcon_core.verb:set package 'thymio2_ros2_tutorials_py_pkg' build argument 'cmake_target' from command line to 'None'
[0.469s] Level 5:colcon.colcon_core.verb:set package 'thymio2_ros2_tutorials_py_pkg' build argument 'cmake_target_skip_unavailable' from command line to 'False'
[0.469s] Level 5:colcon.colcon_core.verb:set package 'thymio2_ros2_tutorials_py_pkg' build argument 'cmake_clean_cache' from command line to 'False'
[0.469s] Level 5:colcon.colcon_core.verb:set package 'thymio2_ros2_tutorials_py_pkg' build argument 'cmake_clean_first' from command line to 'False'
[0.469s] Level 5:colcon.colcon_core.verb:set package 'thymio2_ros2_tutorials_py_pkg' build argument 'cmake_force_configure' from command line to 'False'
[0.470s] Level 5:colcon.colcon_core.verb:set package 'thymio2_ros2_tutorials_py_pkg' build argument 'ament_cmake_args' from command line to 'None'
[0.470s] Level 5:colcon.colcon_core.verb:set package 'thymio2_ros2_tutorials_py_pkg' build argument 'catkin_cmake_args' from command line to 'None'
[0.470s] Level 5:colcon.colcon_core.verb:set package 'thymio2_ros2_tutorials_py_pkg' build argument 'catkin_skip_building_tests' from command line to 'False'
[0.470s] DEBUG:colcon.colcon_core.verb:Building package 'thymio2_ros2_tutorials_py_pkg' with the following arguments: {'ament_cmake_args': None, 'build_base': '/home/autretechlab/Documents/GitHub/ATL_ThymioII_ROS2_bridge/src/build/thymio2_ros2_tutorials_py_pkg', 'catkin_cmake_args': None, 'catkin_skip_building_tests': False, 'cmake_args': None, 'cmake_clean_cache': False, 'cmake_clean_first': False, 'cmake_force_configure': False, 'cmake_target': None, 'cmake_target_skip_unavailable': False, 'install_base': '/home/autretechlab/Documents/GitHub/ATL_ThymioII_ROS2_bridge/src/install/thymio2_ros2_tutorials_py_pkg', 'merge_install': False, 'path': '/home/autretechlab/Documents/GitHub/ATL_ThymioII_ROS2_bridge/src/thymio2_ros2_tutorials_py_pkg', 'symlink_install': False, 'test_result_base': None}
[0.473s] Level 5:colcon.colcon_core.verb:set package 'thymio2_ros2_bridge_py_pkg' build argument 'cmake_args' from command line to 'None'
[0.473s] Level 5:colcon.colcon_core.verb:set package 'thymio2_ros2_bridge_py_pkg' build argument 'cmake_target' from command line to 'None'
[0.473s] Level 5:colcon.colcon_core.verb:set package 'thymio2_ros2_bridge_py_pkg' build argument 'cmake_target_skip_unavailable' from command line to 'False'
[0.473s] Level 5:colcon.colcon_core.verb:set package 'thymio2_ros2_bridge_py_pkg' build argument 'cmake_clean_cache' from command line to 'False'
[0.473s] Level 5:colcon.colcon_core.verb:set package 'thymio2_ros2_bridge_py_pkg' build argument 'cmake_clean_first' from command line to 'False'
[0.473s] Level 5:colcon.colcon_core.verb:set package 'thymio2_ros2_bridge_py_pkg' build argument 'cmake_force_configure' from command line to 'False'
[0.473s] Level 5:colcon.colcon_core.verb:set package 'thymio2_ros2_bridge_py_pkg' build argument 'ament_cmake_args' from command line to 'None'
[0.474s] Level 5:colcon.colcon_core.verb:set package 'thymio2_ros2_bridge_py_pkg' build argument 'catkin_cmake_args' from command line to 'None'
[0.474s] Level 5:colcon.colcon_core.verb:set package 'thymio2_ros2_bridge_py_pkg' build argument 'catkin_skip_building_tests' from command line to 'False'
[0.474s] DEBUG:colcon.colcon_core.verb:Building package 'thymio2_ros2_bridge_py_pkg' with the following arguments: {'ament_cmake_args': None, 'build_base': '/home/autretechlab/Documents/GitHub/ATL_ThymioII_ROS2_bridge/src/build/thymio2_ros2_bridge_py_pkg', 'catkin_cmake_args': None, 'catkin_skip_building_tests': False, 'cmake_args': None, 'cmake_clean_cache': False, 'cmake_clean_first': False, 'cmake_force_configure': False, 'cmake_target': None, 'cmake_target_skip_unavailable': False, 'install_base': '/home/autretechlab/Documents/GitHub/ATL_ThymioII_ROS2_bridge/src/install/thymio2_ros2_bridge_py_pkg', 'merge_install': False, 'path': '/home/autretechlab/Documents/GitHub/ATL_ThymioII_ROS2_bridge/src/thymio2_ros2_bridge_py_pkg', 'symlink_install': False, 'test_result_base': None}
[0.474s] INFO:colcon.colcon_core.executor:Executing jobs using 'parallel' executor
[0.477s] DEBUG:colcon.colcon_parallel_executor.executor.parallel:run_until_complete
[0.477s] INFO:colcon.colcon_ros.task.ament_cmake.build:Building ROS package in '/home/autretechlab/Documents/GitHub/ATL_ThymioII_ROS2_bridge/src/thymio2_interfaces' with build type 'ament_cmake'
[0.477s] INFO:colcon.colcon_cmake.task.cmake.build:Building CMake package in '/home/autretechlab/Documents/GitHub/ATL_ThymioII_ROS2_bridge/src/thymio2_interfaces'
[0.487s] INFO:colcon.colcon_core.plugin_system:Skipping extension 'colcon_core.shell.bat': Not used on non-Windows systems
[0.487s] INFO:colcon.colcon_core.shell:Skip shell extension 'powershell' for command environment: Not usable outside of PowerShell
[0.487s] DEBUG:colcon.colcon_core.shell:Skip shell extension 'dsv' for command environment
[0.494s] DEBUG:colcon.colcon_core.shell:Ignoring prefix path '/opt/ros/foxy'
[0.498s] INFO:colcon.colcon_ros.task.ament_cmake.build:Building ROS package in '/home/autretechlab/Documents/GitHub/ATL_ThymioII_ROS2_bridge/src/thymio2_bringup' with build type 'ament_cmake'
[0.498s] INFO:colcon.colcon_cmake.task.cmake.build:Building CMake package in '/home/autretechlab/Documents/GitHub/ATL_ThymioII_ROS2_bridge/src/thymio2_bringup'
[0.500s] INFO:colcon.colcon_core.shell:Skip shell extension 'powershell' for command environment: Not usable outside of PowerShell
[0.500s] DEBUG:colcon.colcon_core.shell:Skip shell extension 'dsv' for command environment
[0.503s] DEBUG:colcon.colcon_core.shell:Ignoring prefix path '/opt/ros/foxy'
[0.507s] INFO:colcon.colcon_ros.task.ament_python.build:Building ROS package in '/home/autretechlab/Documents/GitHub/ATL_ThymioII_ROS2_bridge/src/thymio2_ros2_tutorials_py_pkg' with build type 'ament_python'
[0.508s] Level 1:colcon.colcon_core.shell:create_environment_hook('thymio2_ros2_tutorials_py_pkg', 'ament_prefix_path')
[0.509s] INFO:colcon.colcon_core.shell:Creating environment hook '/home/autretechlab/Documents/GitHub/ATL_ThymioII_ROS2_bridge/src/install/thymio2_ros2_tutorials_py_pkg/share/thymio2_ros2_tutorials_py_pkg/hook/ament_prefix_path.ps1'
[0.512s] INFO:colcon.colcon_core.shell:Creating environment descriptor '/home/autretechlab/Documents/GitHub/ATL_ThymioII_ROS2_bridge/src/install/thymio2_ros2_tutorials_py_pkg/share/thymio2_ros2_tutorials_py_pkg/hook/ament_prefix_path.dsv'
[0.513s] INFO:colcon.colcon_core.shell:Creating environment hook '/home/autretechlab/Documents/GitHub/ATL_ThymioII_ROS2_bridge/src/install/thymio2_ros2_tutorials_py_pkg/share/thymio2_ros2_tutorials_py_pkg/hook/ament_prefix_path.sh'
[0.516s] INFO:colcon.colcon_core.shell:Skip shell extension 'powershell' for command environment: Not usable outside of PowerShell
[0.516s] DEBUG:colcon.colcon_core.shell:Skip shell extension 'dsv' for command environment
[0.520s] DEBUG:colcon.colcon_core.shell:Ignoring prefix path '/opt/ros/foxy'
[0.529s] DEBUG:colcon.colcon_core.event_handler.log_command:Invoking command in '/home/autretechlab/Documents/GitHub/ATL_ThymioII_ROS2_bridge/src/build/thymio2_interfaces': CMAKE_PREFIX_PATH=${CMAKE_PREFIX_PATH}:/home/autretechlab/Documents/GitHub/ATL_ThymioII_ROS2_bridge/install/thymio2_ros2_bridge_py_pkg:/home/autretechlab/Documents/GitHub/ATL_ThymioII_ROS2_bridge/install/thymio2_ROS2_bridge_py_pkg:/opt/ros/foxy /usr/bin/cmake /home/autretechlab/Documents/GitHub/ATL_ThymioII_ROS2_bridge/src/thymio2_interfaces -DCMAKE_INSTALL_PREFIX=/home/autretechlab/Documents/GitHub/ATL_ThymioII_ROS2_bridge/src/install/thymio2_interfaces
[0.546s] DEBUG:colcon.colcon_core.event_handler.log_command:Invoking command in '/home/autretechlab/Documents/GitHub/ATL_ThymioII_ROS2_bridge/src/build/thymio2_bringup': CMAKE_PREFIX_PATH=${CMAKE_PREFIX_PATH}:/home/autretechlab/Documents/GitHub/ATL_ThymioII_ROS2_bridge/install/thymio2_ros2_bridge_py_pkg:/home/autretechlab/Documents/GitHub/ATL_ThymioII_ROS2_bridge/install/thymio2_ROS2_bridge_py_pkg:/opt/ros/foxy /usr/bin/cmake /home/autretechlab/Documents/GitHub/ATL_ThymioII_ROS2_bridge/src/thymio2_bringup -DCMAKE_INSTALL_PREFIX=/home/autretechlab/Documents/GitHub/ATL_ThymioII_ROS2_bridge/src/install/thymio2_bringup
[0.970s] INFO:colcon.colcon_core.task.python.build:Building Python package in '/home/autretechlab/Documents/GitHub/ATL_ThymioII_ROS2_bridge/src/thymio2_ros2_tutorials_py_pkg'
[0.971s] INFO:colcon.colcon_core.shell:Skip shell extension 'powershell' for command environment: Not usable outside of PowerShell
[0.972s] DEBUG:colcon.colcon_core.shell:Skip shell extension 'dsv' for command environment
[0.976s] DEBUG:colcon.colcon_core.shell:Ignoring prefix path '/opt/ros/foxy'
[0.992s] DEBUG:colcon.colcon_core.event_handler.log_command:Invoking command in '/home/autretechlab/Documents/GitHub/ATL_ThymioII_ROS2_bridge/src/thymio2_ros2_tutorials_py_pkg': PYTHONPATH=/home/autretechlab/Documents/GitHub/ATL_ThymioII_ROS2_bridge/src/install/thymio2_ros2_tutorials_py_pkg/lib/python3.8/site-packages:${PYTHONPATH} /usr/bin/python3 setup.py egg_info --egg-base ../build/thymio2_ros2_tutorials_py_pkg build --build-base /home/autretechlab/Documents/GitHub/ATL_ThymioII_ROS2_bridge/src/build/thymio2_ros2_tutorials_py_pkg/build install --prefix /home/autretechlab/Documents/GitHub/ATL_ThymioII_ROS2_bridge/src/install/thymio2_ros2_tutorials_py_pkg --record /home/autretechlab/Documents/GitHub/ATL_ThymioII_ROS2_bridge/src/build/thymio2_ros2_tutorials_py_pkg/install.log --single-version-externally-managed
[1.626s] DEBUG:colcon.colcon_core.event_handler.log_command:Invoked command in '/home/autretechlab/Documents/GitHub/ATL_ThymioII_ROS2_bridge/src/thymio2_ros2_tutorials_py_pkg' returned '0': PYTHONPATH=/home/autretechlab/Documents/GitHub/ATL_ThymioII_ROS2_bridge/src/install/thymio2_ros2_tutorials_py_pkg/lib/python3.8/site-packages:${PYTHONPATH} /usr/bin/python3 setup.py egg_info --egg-base ../build/thymio2_ros2_tutorials_py_pkg build --build-base /home/autretechlab/Documents/GitHub/ATL_ThymioII_ROS2_bridge/src/build/thymio2_ros2_tutorials_py_pkg/build install --prefix /home/autretechlab/Documents/GitHub/ATL_ThymioII_ROS2_bridge/src/install/thymio2_ros2_tutorials_py_pkg --record /home/autretechlab/Documents/GitHub/ATL_ThymioII_ROS2_bridge/src/build/thymio2_ros2_tutorials_py_pkg/install.log --single-version-externally-managed
[1.639s] Level 1:colcon.colcon_core.environment:checking '/home/autretechlab/Documents/GitHub/ATL_ThymioII_ROS2_bridge/src/install/thymio2_ros2_tutorials_py_pkg' for CMake module files
[1.640s] Level 1:colcon.colcon_core.environment:checking '/home/autretechlab/Documents/GitHub/ATL_ThymioII_ROS2_bridge/src/install/thymio2_ros2_tutorials_py_pkg' for CMake config files
[1.641s] Level 1:colcon.colcon_core.environment:checking '/home/autretechlab/Documents/GitHub/ATL_ThymioII_ROS2_bridge/src/install/thymio2_ros2_tutorials_py_pkg/lib'
[1.642s] Level 1:colcon.colcon_core.environment:checking '/home/autretechlab/Documents/GitHub/ATL_ThymioII_ROS2_bridge/src/install/thymio2_ros2_tutorials_py_pkg/bin'
[1.642s] Level 1:colcon.colcon_core.environment:checking '/home/autretechlab/Documents/GitHub/ATL_ThymioII_ROS2_bridge/src/install/thymio2_ros2_tutorials_py_pkg/lib/pkgconfig/thymio2_ros2_tutorials_py_pkg.pc'
[1.642s] Level 1:colcon.colcon_core.environment:checking '/home/autretechlab/Documents/GitHub/ATL_ThymioII_ROS2_bridge/src/install/thymio2_ros2_tutorials_py_pkg/lib/python3.8/site-packages'
[1.642s] Level 1:colcon.colcon_core.shell:create_environment_hook('thymio2_ros2_tutorials_py_pkg', 'pythonpath')
[1.643s] INFO:colcon.colcon_core.shell:Creating environment hook '/home/autretechlab/Documents/GitHub/ATL_ThymioII_ROS2_bridge/src/install/thymio2_ros2_tutorials_py_pkg/share/thymio2_ros2_tutorials_py_pkg/hook/pythonpath.ps1'
[1.644s] INFO:colcon.colcon_core.shell:Creating environment descriptor '/home/autretechlab/Documents/GitHub/ATL_ThymioII_ROS2_bridge/src/install/thymio2_ros2_tutorials_py_pkg/share/thymio2_ros2_tutorials_py_pkg/hook/pythonpath.dsv'
[1.645s] INFO:colcon.colcon_core.shell:Creating environment hook '/home/autretechlab/Documents/GitHub/ATL_ThymioII_ROS2_bridge/src/install/thymio2_ros2_tutorials_py_pkg/share/thymio2_ros2_tutorials_py_pkg/hook/pythonpath.sh'
[1.645s] Level 1:colcon.colcon_core.environment:create_environment_scripts_only(thymio2_ros2_tutorials_py_pkg)
[1.646s] INFO:colcon.colcon_core.shell:Creating package script '/home/autretechlab/Documents/GitHub/ATL_ThymioII_ROS2_bridge/src/install/thymio2_ros2_tutorials_py_pkg/share/thymio2_ros2_tutorials_py_pkg/package.ps1'
[1.647s] INFO:colcon.colcon_core.shell:Creating package descriptor '/home/autretechlab/Documents/GitHub/ATL_ThymioII_ROS2_bridge/src/install/thymio2_ros2_tutorials_py_pkg/share/thymio2_ros2_tutorials_py_pkg/package.dsv'
[1.648s] INFO:colcon.colcon_core.shell:Creating package script '/home/autretechlab/Documents/GitHub/ATL_ThymioII_ROS2_bridge/src/install/thymio2_ros2_tutorials_py_pkg/share/thymio2_ros2_tutorials_py_pkg/package.sh'
[1.649s] INFO:colcon.colcon_core.shell:Creating package script '/home/autretechlab/Documents/GitHub/ATL_ThymioII_ROS2_bridge/src/install/thymio2_ros2_tutorials_py_pkg/share/thymio2_ros2_tutorials_py_pkg/package.bash'
[1.651s] INFO:colcon.colcon_core.shell:Creating package script '/home/autretechlab/Documents/GitHub/ATL_ThymioII_ROS2_bridge/src/install/thymio2_ros2_tutorials_py_pkg/share/thymio2_ros2_tutorials_py_pkg/package.zsh'
[1.652s] Level 1:colcon.colcon_core.environment:create_file_with_runtime_dependencies(/home/autretechlab/Documents/GitHub/ATL_ThymioII_ROS2_bridge/src/install/thymio2_ros2_tutorials_py_pkg/share/colcon-core/packages/thymio2_ros2_tutorials_py_pkg)
[2.219s] DEBUG:colcon.colcon_core.event_handler.log_command:Invoked command in '/home/autretechlab/Documents/GitHub/ATL_ThymioII_ROS2_bridge/src/build/thymio2_bringup' returned '0': CMAKE_PREFIX_PATH=${CMAKE_PREFIX_PATH}:/home/autretechlab/Documents/GitHub/ATL_ThymioII_ROS2_bridge/install/thymio2_ros2_bridge_py_pkg:/home/autretechlab/Documents/GitHub/ATL_ThymioII_ROS2_bridge/install/thymio2_ROS2_bridge_py_pkg:/opt/ros/foxy /usr/bin/cmake /home/autretechlab/Documents/GitHub/ATL_ThymioII_ROS2_bridge/src/thymio2_bringup -DCMAKE_INSTALL_PREFIX=/home/autretechlab/Documents/GitHub/ATL_ThymioII_ROS2_bridge/src/install/thymio2_bringup
[2.222s] DEBUG:colcon.colcon_core.event_handler.log_command:Invoking command in '/home/autretechlab/Documents/GitHub/ATL_ThymioII_ROS2_bridge/src/build/thymio2_bringup': CMAKE_PREFIX_PATH=${CMAKE_PREFIX_PATH}:/home/autretechlab/Documents/GitHub/ATL_ThymioII_ROS2_bridge/install/thymio2_ros2_bridge_py_pkg:/home/autretechlab/Documents/GitHub/ATL_ThymioII_ROS2_bridge/install/thymio2_ROS2_bridge_py_pkg:/opt/ros/foxy /usr/bin/cmake --build /home/autretechlab/Documents/GitHub/ATL_ThymioII_ROS2_bridge/src/build/thymio2_bringup -- -j4 -l4
[2.274s] DEBUG:colcon.colcon_core.event_handler.log_command:Invoked command in '/home/autretechlab/Documents/GitHub/ATL_ThymioII_ROS2_bridge/src/build/thymio2_bringup' returned '0': CMAKE_PREFIX_PATH=${CMAKE_PREFIX_PATH}:/home/autretechlab/Documents/GitHub/ATL_ThymioII_ROS2_bridge/install/thymio2_ros2_bridge_py_pkg:/home/autretechlab/Documents/GitHub/ATL_ThymioII_ROS2_bridge/install/thymio2_ROS2_bridge_py_pkg:/opt/ros/foxy /usr/bin/cmake --build /home/autretechlab/Documents/GitHub/ATL_ThymioII_ROS2_bridge/src/build/thymio2_bringup -- -j4 -l4
[2.319s] DEBUG:colcon.colcon_core.event_handler.log_command:Invoking command in '/home/autretechlab/Documents/GitHub/ATL_ThymioII_ROS2_bridge/src/build/thymio2_bringup': CMAKE_PREFIX_PATH=${CMAKE_PREFIX_PATH}:/home/autretechlab/Documents/GitHub/ATL_ThymioII_ROS2_bridge/install/thymio2_ros2_bridge_py_pkg:/home/autretechlab/Documents/GitHub/ATL_ThymioII_ROS2_bridge/install/thymio2_ROS2_bridge_py_pkg:/opt/ros/foxy /usr/bin/cmake --install /home/autretechlab/Documents/GitHub/ATL_ThymioII_ROS2_bridge/src/build/thymio2_bringup
[2.336s] Level 1:colcon.colcon_core.environment:create_environment_scripts_only(thymio2_bringup)
[2.337s] Level 1:colcon.colcon_core.environment:checking '/home/autretechlab/Documents/GitHub/ATL_ThymioII_ROS2_bridge/src/install/thymio2_bringup' for CMake module files
[2.338s] DEBUG:colcon.colcon_core.event_handler.log_command:Invoked command in '/home/autretechlab/Documents/GitHub/ATL_ThymioII_ROS2_bridge/src/build/thymio2_bringup' returned '0': CMAKE_PREFIX_PATH=${CMAKE_PREFIX_PATH}:/home/autretechlab/Documents/GitHub/ATL_ThymioII_ROS2_bridge/install/thymio2_ros2_bridge_py_pkg:/home/autretechlab/Documents/GitHub/ATL_ThymioII_ROS2_bridge/install/thymio2_ROS2_bridge_py_pkg:/opt/ros/foxy /usr/bin/cmake --install /home/autretechlab/Documents/GitHub/ATL_ThymioII_ROS2_bridge/src/build/thymio2_bringup
[2.339s] Level 1:colcon.colcon_core.environment:checking '/home/autretechlab/Documents/GitHub/ATL_ThymioII_ROS2_bridge/src/install/thymio2_bringup' for CMake config files
[2.339s] Level 1:colcon.colcon_core.shell:create_environment_hook('thymio2_bringup', 'cmake_prefix_path')
[2.340s] INFO:colcon.colcon_core.shell:Creating environment hook '/home/autretechlab/Documents/GitHub/ATL_ThymioII_ROS2_bridge/src/install/thymio2_bringup/share/thymio2_bringup/hook/cmake_prefix_path.ps1'
[2.341s] INFO:colcon.colcon_core.shell:Creating environment descriptor '/home/autretechlab/Documents/GitHub/ATL_ThymioII_ROS2_bridge/src/install/thymio2_bringup/share/thymio2_bringup/hook/cmake_prefix_path.dsv'
[2.341s] INFO:colcon.colcon_core.shell:Creating environment hook '/home/autretechlab/Documents/GitHub/ATL_ThymioII_ROS2_bridge/src/install/thymio2_bringup/share/thymio2_bringup/hook/cmake_prefix_path.sh'
[2.342s] Level 1:colcon.colcon_core.environment:checking '/home/autretechlab/Documents/GitHub/ATL_ThymioII_ROS2_bridge/src/install/thymio2_bringup/bin'
[2.342s] Level 1:colcon.colcon_core.environment:checking '/home/autretechlab/Documents/GitHub/ATL_ThymioII_ROS2_bridge/src/install/thymio2_bringup/lib/pkgconfig/thymio2_bringup.pc'
[2.342s] Level 1:colcon.colcon_core.environment:checking '/home/autretechlab/Documents/GitHub/ATL_ThymioII_ROS2_bridge/src/install/thymio2_bringup/lib/python3.8/site-packages'
[2.343s] INFO:colcon.colcon_core.shell:Creating package script '/home/autretechlab/Documents/GitHub/ATL_ThymioII_ROS2_bridge/src/install/thymio2_bringup/share/thymio2_bringup/package.ps1'
[2.344s] INFO:colcon.colcon_core.shell:Creating package descriptor '/home/autretechlab/Documents/GitHub/ATL_ThymioII_ROS2_bridge/src/install/thymio2_bringup/share/thymio2_bringup/package.dsv'
[2.344s] INFO:colcon.colcon_core.shell:Creating package script '/home/autretechlab/Documents/GitHub/ATL_ThymioII_ROS2_bridge/src/install/thymio2_bringup/share/thymio2_bringup/package.sh'
[2.345s] INFO:colcon.colcon_core.shell:Creating package script '/home/autretechlab/Documents/GitHub/ATL_ThymioII_ROS2_bridge/src/install/thymio2_bringup/share/thymio2_bringup/package.bash'
[2.345s] INFO:colcon.colcon_core.shell:Creating package script '/home/autretechlab/Documents/GitHub/ATL_ThymioII_ROS2_bridge/src/install/thymio2_bringup/share/thymio2_bringup/package.zsh'
[2.346s] Level 1:colcon.colcon_core.environment:create_file_with_runtime_dependencies(/home/autretechlab/Documents/GitHub/ATL_ThymioII_ROS2_bridge/src/install/thymio2_bringup/share/colcon-core/packages/thymio2_bringup)
[2.373s] Level 1:colcon.colcon_core.environment:create_environment_scripts_only(thymio2_bringup)
[2.375s] Level 1:colcon.colcon_core.environment:checking '/home/autretechlab/Documents/GitHub/ATL_ThymioII_ROS2_bridge/src/install/thymio2_bringup' for CMake module files
[2.376s] Level 1:colcon.colcon_core.environment:checking '/home/autretechlab/Documents/GitHub/ATL_ThymioII_ROS2_bridge/src/install/thymio2_bringup' for CMake config files
[2.376s] Level 1:colcon.colcon_core.shell:create_environment_hook('thymio2_bringup', 'cmake_prefix_path')
[2.377s] INFO:colcon.colcon_core.shell:Creating environment hook '/home/autretechlab/Documents/GitHub/ATL_ThymioII_ROS2_bridge/src/install/thymio2_bringup/share/thymio2_bringup/hook/cmake_prefix_path.ps1'
[2.378s] INFO:colcon.colcon_core.shell:Creating environment descriptor '/home/autretechlab/Documents/GitHub/ATL_ThymioII_ROS2_bridge/src/install/thymio2_bringup/share/thymio2_bringup/hook/cmake_prefix_path.dsv'
[2.378s] INFO:colcon.colcon_core.shell:Creating environment hook '/home/autretechlab/Documents/GitHub/ATL_ThymioII_ROS2_bridge/src/install/thymio2_bringup/share/thymio2_bringup/hook/cmake_prefix_path.sh'
[2.380s] Level 1:colcon.colcon_core.environment:checking '/home/autretechlab/Documents/GitHub/ATL_ThymioII_ROS2_bridge/src/install/thymio2_bringup/bin'
[2.380s] Level 1:colcon.colcon_core.environment:checking '/home/autretechlab/Documents/GitHub/ATL_ThymioII_ROS2_bridge/src/install/thymio2_bringup/lib/pkgconfig/thymio2_bringup.pc'
[2.380s] Level 1:colcon.colcon_core.environment:checking '/home/autretechlab/Documents/GitHub/ATL_ThymioII_ROS2_bridge/src/install/thymio2_bringup/lib/python3.8/site-packages'
[2.382s] INFO:colcon.colcon_core.shell:Creating package script '/home/autretechlab/Documents/GitHub/ATL_ThymioII_ROS2_bridge/src/install/thymio2_bringup/share/thymio2_bringup/package.ps1'
[2.383s] INFO:colcon.colcon_core.shell:Creating package descriptor '/home/autretechlab/Documents/GitHub/ATL_ThymioII_ROS2_bridge/src/install/thymio2_bringup/share/thymio2_bringup/package.dsv'
[2.384s] INFO:colcon.colcon_core.shell:Creating package script '/home/autretechlab/Documents/GitHub/ATL_ThymioII_ROS2_bridge/src/install/thymio2_bringup/share/thymio2_bringup/package.sh'
[2.386s] INFO:colcon.colcon_core.shell:Creating package script '/home/autretechlab/Documents/GitHub/ATL_ThymioII_ROS2_bridge/src/install/thymio2_bringup/share/thymio2_bringup/package.bash'
[2.387s] INFO:colcon.colcon_core.shell:Creating package script '/home/autretechlab/Documents/GitHub/ATL_ThymioII_ROS2_bridge/src/install/thymio2_bringup/share/thymio2_bringup/package.zsh'
[2.388s] Level 1:colcon.colcon_core.environment:create_file_with_runtime_dependencies(/home/autretechlab/Documents/GitHub/ATL_ThymioII_ROS2_bridge/src/install/thymio2_bringup/share/colcon-core/packages/thymio2_bringup)
[3.074s] DEBUG:colcon.colcon_core.event_handler.log_command:Invoked command in '/home/autretechlab/Documents/GitHub/ATL_ThymioII_ROS2_bridge/src/build/thymio2_interfaces' returned '0': CMAKE_PREFIX_PATH=${CMAKE_PREFIX_PATH}:/home/autretechlab/Documents/GitHub/ATL_ThymioII_ROS2_bridge/install/thymio2_ros2_bridge_py_pkg:/home/autretechlab/Documents/GitHub/ATL_ThymioII_ROS2_bridge/install/thymio2_ROS2_bridge_py_pkg:/opt/ros/foxy /usr/bin/cmake /home/autretechlab/Documents/GitHub/ATL_ThymioII_ROS2_bridge/src/thymio2_interfaces -DCMAKE_INSTALL_PREFIX=/home/autretechlab/Documents/GitHub/ATL_ThymioII_ROS2_bridge/src/install/thymio2_interfaces
[3.078s] DEBUG:colcon.colcon_core.event_handler.log_command:Invoking command in '/home/autretechlab/Documents/GitHub/ATL_ThymioII_ROS2_bridge/src/build/thymio2_interfaces': CMAKE_PREFIX_PATH=${CMAKE_PREFIX_PATH}:/home/autretechlab/Documents/GitHub/ATL_ThymioII_ROS2_bridge/install/thymio2_ros2_bridge_py_pkg:/home/autretechlab/Documents/GitHub/ATL_ThymioII_ROS2_bridge/install/thymio2_ROS2_bridge_py_pkg:/opt/ros/foxy /usr/bin/cmake --build /home/autretechlab/Documents/GitHub/ATL_ThymioII_ROS2_bridge/src/build/thymio2_interfaces -- -j4 -l4
[10.627s] DEBUG:colcon.colcon_core.event_handler.log_command:Invoked command in '/home/autretechlab/Documents/GitHub/ATL_ThymioII_ROS2_bridge/src/build/thymio2_interfaces' returned '0': CMAKE_PREFIX_PATH=${CMAKE_PREFIX_PATH}:/home/autretechlab/Documents/GitHub/ATL_ThymioII_ROS2_bridge/install/thymio2_ros2_bridge_py_pkg:/home/autretechlab/Documents/GitHub/ATL_ThymioII_ROS2_bridge/install/thymio2_ROS2_bridge_py_pkg:/opt/ros/foxy /usr/bin/cmake --build /home/autretechlab/Documents/GitHub/ATL_ThymioII_ROS2_bridge/src/build/thymio2_interfaces -- -j4 -l4
[10.716s] DEBUG:colcon.colcon_core.event_handler.log_command:Invoking command in '/home/autretechlab/Documents/GitHub/ATL_ThymioII_ROS2_bridge/src/build/thymio2_interfaces': CMAKE_PREFIX_PATH=${CMAKE_PREFIX_PATH}:/home/autretechlab/Documents/GitHub/ATL_ThymioII_ROS2_bridge/install/thymio2_ros2_bridge_py_pkg:/home/autretechlab/Documents/GitHub/ATL_ThymioII_ROS2_bridge/install/thymio2_ROS2_bridge_py_pkg:/opt/ros/foxy /usr/bin/cmake --install /home/autretechlab/Documents/GitHub/ATL_ThymioII_ROS2_bridge/src/build/thymio2_interfaces
[10.826s] Level 1:colcon.colcon_core.environment:create_environment_scripts_only(thymio2_interfaces)
[10.827s] Level 1:colcon.colcon_core.environment:checking '/home/autretechlab/Documents/GitHub/ATL_ThymioII_ROS2_bridge/src/install/thymio2_interfaces' for CMake module files
[10.828s] DEBUG:colcon.colcon_core.event_handler.log_command:Invoked command in '/home/autretechlab/Documents/GitHub/ATL_ThymioII_ROS2_bridge/src/build/thymio2_interfaces' returned '0': CMAKE_PREFIX_PATH=${CMAKE_PREFIX_PATH}:/home/autretechlab/Documents/GitHub/ATL_ThymioII_ROS2_bridge/install/thymio2_ros2_bridge_py_pkg:/home/autretechlab/Documents/GitHub/ATL_ThymioII_ROS2_bridge/install/thymio2_ROS2_bridge_py_pkg:/opt/ros/foxy /usr/bin/cmake --install /home/autretechlab/Documents/GitHub/ATL_ThymioII_ROS2_bridge/src/build/thymio2_interfaces
[10.829s] Level 1:colcon.colcon_core.environment:checking '/home/autretechlab/Documents/GitHub/ATL_ThymioII_ROS2_bridge/src/install/thymio2_interfaces' for CMake config files
[10.830s] Level 1:colcon.colcon_core.shell:create_environment_hook('thymio2_interfaces', 'cmake_prefix_path')
[10.831s] INFO:colcon.colcon_core.shell:Creating environment hook '/home/autretechlab/Documents/GitHub/ATL_ThymioII_ROS2_bridge/src/install/thymio2_interfaces/share/thymio2_interfaces/hook/cmake_prefix_path.ps1'
[10.833s] INFO:colcon.colcon_core.shell:Creating environment descriptor '/home/autretechlab/Documents/GitHub/ATL_ThymioII_ROS2_bridge/src/install/thymio2_interfaces/share/thymio2_interfaces/hook/cmake_prefix_path.dsv'
[10.834s] INFO:colcon.colcon_core.shell:Creating environment hook '/home/autretechlab/Documents/GitHub/ATL_ThymioII_ROS2_bridge/src/install/thymio2_interfaces/share/thymio2_interfaces/hook/cmake_prefix_path.sh'
[10.835s] Level 1:colcon.colcon_core.environment:checking '/home/autretechlab/Documents/GitHub/ATL_ThymioII_ROS2_bridge/src/install/thymio2_interfaces/lib'
[10.835s] Level 1:colcon.colcon_core.shell:create_environment_hook('thymio2_interfaces', 'ld_library_path_lib')
[10.836s] INFO:colcon.colcon_core.shell:Creating environment hook '/home/autretechlab/Documents/GitHub/ATL_ThymioII_ROS2_bridge/src/install/thymio2_interfaces/share/thymio2_interfaces/hook/ld_library_path_lib.ps1'
[10.836s] INFO:colcon.colcon_core.shell:Creating environment descriptor '/home/autretechlab/Documents/GitHub/ATL_ThymioII_ROS2_bridge/src/install/thymio2_interfaces/share/thymio2_interfaces/hook/ld_library_path_lib.dsv'
[10.837s] INFO:colcon.colcon_core.shell:Creating environment hook '/home/autretechlab/Documents/GitHub/ATL_ThymioII_ROS2_bridge/src/install/thymio2_interfaces/share/thymio2_interfaces/hook/ld_library_path_lib.sh'
[10.837s] Level 1:colcon.colcon_core.environment:checking '/home/autretechlab/Documents/GitHub/ATL_ThymioII_ROS2_bridge/src/install/thymio2_interfaces/bin'
[10.837s] Level 1:colcon.colcon_core.environment:checking '/home/autretechlab/Documents/GitHub/ATL_ThymioII_ROS2_bridge/src/install/thymio2_interfaces/lib/pkgconfig/thymio2_interfaces.pc'
[10.837s] Level 1:colcon.colcon_core.environment:checking '/home/autretechlab/Documents/GitHub/ATL_ThymioII_ROS2_bridge/src/install/thymio2_interfaces/lib/python3.8/site-packages'
[10.838s] Level 1:colcon.colcon_core.shell:create_environment_hook('thymio2_interfaces', 'pythonpath')
[10.838s] INFO:colcon.colcon_core.shell:Creating environment hook '/home/autretechlab/Documents/GitHub/ATL_ThymioII_ROS2_bridge/src/install/thymio2_interfaces/share/thymio2_interfaces/hook/pythonpath.ps1'
[10.839s] INFO:colcon.colcon_core.shell:Creating environment descriptor '/home/autretechlab/Documents/GitHub/ATL_ThymioII_ROS2_bridge/src/install/thymio2_interfaces/share/thymio2_interfaces/hook/pythonpath.dsv'
[10.839s] INFO:colcon.colcon_core.shell:Creating environment hook '/home/autretechlab/Documents/GitHub/ATL_ThymioII_ROS2_bridge/src/install/thymio2_interfaces/share/thymio2_interfaces/hook/pythonpath.sh'
[10.840s] INFO:colcon.colcon_core.shell:Creating package script '/home/autretechlab/Documents/GitHub/ATL_ThymioII_ROS2_bridge/src/install/thymio2_interfaces/share/thymio2_interfaces/package.ps1'
[10.841s] INFO:colcon.colcon_core.shell:Creating package descriptor '/home/autretechlab/Documents/GitHub/ATL_ThymioII_ROS2_bridge/src/install/thymio2_interfaces/share/thymio2_interfaces/package.dsv'
[10.842s] INFO:colcon.colcon_core.shell:Creating package script '/home/autretechlab/Documents/GitHub/ATL_ThymioII_ROS2_bridge/src/install/thymio2_interfaces/share/thymio2_interfaces/package.sh'
[10.843s] INFO:colcon.colcon_core.shell:Creating package script '/home/autretechlab/Documents/GitHub/ATL_ThymioII_ROS2_bridge/src/install/thymio2_interfaces/share/thymio2_interfaces/package.bash'
[10.844s] INFO:colcon.colcon_core.shell:Creating package script '/home/autretechlab/Documents/GitHub/ATL_ThymioII_ROS2_bridge/src/install/thymio2_interfaces/share/thymio2_interfaces/package.zsh'
[10.845s] Level 1:colcon.colcon_core.environment:create_file_with_runtime_dependencies(/home/autretechlab/Documents/GitHub/ATL_ThymioII_ROS2_bridge/src/install/thymio2_interfaces/share/colcon-core/packages/thymio2_interfaces)
[10.938s] Level 1:colcon.colcon_core.environment:create_environment_scripts_only(thymio2_interfaces)
[10.940s] Level 1:colcon.colcon_core.environment:checking '/home/autretechlab/Documents/GitHub/ATL_ThymioII_ROS2_bridge/src/install/thymio2_interfaces' for CMake module files
[10.942s] Level 1:colcon.colcon_core.environment:checking '/home/autretechlab/Documents/GitHub/ATL_ThymioII_ROS2_bridge/src/install/thymio2_interfaces' for CMake config files
[10.943s] Level 1:colcon.colcon_core.shell:create_environment_hook('thymio2_interfaces', 'cmake_prefix_path')
[10.944s] INFO:colcon.colcon_core.shell:Creating environment hook '/home/autretechlab/Documents/GitHub/ATL_ThymioII_ROS2_bridge/src/install/thymio2_interfaces/share/thymio2_interfaces/hook/cmake_prefix_path.ps1'
[10.945s] INFO:colcon.colcon_core.shell:Creating environment descriptor '/home/autretechlab/Documents/GitHub/ATL_ThymioII_ROS2_bridge/src/install/thymio2_interfaces/share/thymio2_interfaces/hook/cmake_prefix_path.dsv'
[10.946s] INFO:colcon.colcon_core.shell:Creating environment hook '/home/autretechlab/Documents/GitHub/ATL_ThymioII_ROS2_bridge/src/install/thymio2_interfaces/share/thymio2_interfaces/hook/cmake_prefix_path.sh'
[10.947s] Level 1:colcon.colcon_core.environment:checking '/home/autretechlab/Documents/GitHub/ATL_ThymioII_ROS2_bridge/src/install/thymio2_interfaces/lib'
[10.947s] Level 1:colcon.colcon_core.shell:create_environment_hook('thymio2_interfaces', 'ld_library_path_lib')
[10.948s] INFO:colcon.colcon_core.shell:Creating environment hook '/home/autretechlab/Documents/GitHub/ATL_ThymioII_ROS2_bridge/src/install/thymio2_interfaces/share/thymio2_interfaces/hook/ld_library_path_lib.ps1'
[10.949s] INFO:colcon.colcon_core.shell:Creating environment descriptor '/home/autretechlab/Documents/GitHub/ATL_ThymioII_ROS2_bridge/src/install/thymio2_interfaces/share/thymio2_interfaces/hook/ld_library_path_lib.dsv'
[10.949s] INFO:colcon.colcon_core.shell:Creating environment hook '/home/autretechlab/Documents/GitHub/ATL_ThymioII_ROS2_bridge/src/install/thymio2_interfaces/share/thymio2_interfaces/hook/ld_library_path_lib.sh'
[10.950s] Level 1:colcon.colcon_core.environment:checking '/home/autretechlab/Documents/GitHub/ATL_ThymioII_ROS2_bridge/src/install/thymio2_interfaces/bin'
[10.950s] Level 1:colcon.colcon_core.environment:checking '/home/autretechlab/Documents/GitHub/ATL_ThymioII_ROS2_bridge/src/install/thymio2_interfaces/lib/pkgconfig/thymio2_interfaces.pc'
[10.950s] Level 1:colcon.colcon_core.environment:checking '/home/autretechlab/Documents/GitHub/ATL_ThymioII_ROS2_bridge/src/install/thymio2_interfaces/lib/python3.8/site-packages'
[10.950s] Level 1:colcon.colcon_core.shell:create_environment_hook('thymio2_interfaces', 'pythonpath')
[10.951s] INFO:colcon.colcon_core.shell:Creating environment hook '/home/autretechlab/Documents/GitHub/ATL_ThymioII_ROS2_bridge/src/install/thymio2_interfaces/share/thymio2_interfaces/hook/pythonpath.ps1'
[10.952s] INFO:colcon.colcon_core.shell:Creating environment descriptor '/home/autretechlab/Documents/GitHub/ATL_ThymioII_ROS2_bridge/src/install/thymio2_interfaces/share/thymio2_interfaces/hook/pythonpath.dsv'
[10.952s] INFO:colcon.colcon_core.shell:Creating environment hook '/home/autretechlab/Documents/GitHub/ATL_ThymioII_ROS2_bridge/src/install/thymio2_interfaces/share/thymio2_interfaces/hook/pythonpath.sh'
[10.954s] INFO:colcon.colcon_core.shell:Creating package script '/home/autretechlab/Documents/GitHub/ATL_ThymioII_ROS2_bridge/src/install/thymio2_interfaces/share/thymio2_interfaces/package.ps1'
[10.955s] INFO:colcon.colcon_core.shell:Creating package descriptor '/home/autretechlab/Documents/GitHub/ATL_ThymioII_ROS2_bridge/src/install/thymio2_interfaces/share/thymio2_interfaces/package.dsv'
[10.956s] INFO:colcon.colcon_core.shell:Creating package script '/home/autretechlab/Documents/GitHub/ATL_ThymioII_ROS2_bridge/src/install/thymio2_interfaces/share/thymio2_interfaces/package.sh'
[10.956s] INFO:colcon.colcon_core.shell:Creating package script '/home/autretechlab/Documents/GitHub/ATL_ThymioII_ROS2_bridge/src/install/thymio2_interfaces/share/thymio2_interfaces/package.bash'
[10.957s] INFO:colcon.colcon_core.shell:Creating package script '/home/autretechlab/Documents/GitHub/ATL_ThymioII_ROS2_bridge/src/install/thymio2_interfaces/share/thymio2_interfaces/package.zsh'
[10.957s] Level 1:colcon.colcon_core.environment:create_file_with_runtime_dependencies(/home/autretechlab/Documents/GitHub/ATL_ThymioII_ROS2_bridge/src/install/thymio2_interfaces/share/colcon-core/packages/thymio2_interfaces)
[10.958s] INFO:colcon.colcon_ros.task.ament_python.build:Building ROS package in '/home/autretechlab/Documents/GitHub/ATL_ThymioII_ROS2_bridge/src/thymio2_ros2_bridge_py_pkg' with build type 'ament_python'
[10.958s] Level 1:colcon.colcon_core.shell:create_environment_hook('thymio2_ros2_bridge_py_pkg', 'ament_prefix_path')
[10.959s] INFO:colcon.colcon_core.shell:Creating environment hook '/home/autretechlab/Documents/GitHub/ATL_ThymioII_ROS2_bridge/src/install/thymio2_ros2_bridge_py_pkg/share/thymio2_ros2_bridge_py_pkg/hook/ament_prefix_path.ps1'
[10.961s] INFO:colcon.colcon_core.shell:Creating environment descriptor '/home/autretechlab/Documents/GitHub/ATL_ThymioII_ROS2_bridge/src/install/thymio2_ros2_bridge_py_pkg/share/thymio2_ros2_bridge_py_pkg/hook/ament_prefix_path.dsv'
[10.961s] INFO:colcon.colcon_core.shell:Creating environment hook '/home/autretechlab/Documents/GitHub/ATL_ThymioII_ROS2_bridge/src/install/thymio2_ros2_bridge_py_pkg/share/thymio2_ros2_bridge_py_pkg/hook/ament_prefix_path.sh'
[10.963s] INFO:colcon.colcon_core.shell:Skip shell extension 'powershell' for command environment: Not usable outside of PowerShell
[10.964s] DEBUG:colcon.colcon_core.shell:Skip shell extension 'dsv' for command environment
[10.976s] DEBUG:colcon.colcon_core.shell:Ignoring prefix path '/opt/ros/foxy'
[11.421s] INFO:colcon.colcon_core.task.python.build:Building Python package in '/home/autretechlab/Documents/GitHub/ATL_ThymioII_ROS2_bridge/src/thymio2_ros2_bridge_py_pkg'
[11.423s] INFO:colcon.colcon_core.shell:Skip shell extension 'powershell' for command environment: Not usable outside of PowerShell
[11.423s] DEBUG:colcon.colcon_core.shell:Skip shell extension 'dsv' for command environment
[11.427s] DEBUG:colcon.colcon_core.shell:Ignoring prefix path '/opt/ros/foxy'
[11.447s] DEBUG:colcon.colcon_core.event_handler.log_command:Invoking command in '/home/autretechlab/Documents/GitHub/ATL_ThymioII_ROS2_bridge/src/thymio2_ros2_bridge_py_pkg': AMENT_PREFIX_PATH=/home/autretechlab/Documents/GitHub/ATL_ThymioII_ROS2_bridge/src/install/thymio2_interfaces:${AMENT_PREFIX_PATH} CMAKE_PREFIX_PATH=/home/autretechlab/Documents/GitHub/ATL_ThymioII_ROS2_bridge/src/install/thymio2_interfaces:${CMAKE_PREFIX_PATH} LD_LIBRARY_PATH=/home/autretechlab/Documents/GitHub/ATL_ThymioII_ROS2_bridge/src/install/thymio2_interfaces/lib:${LD_LIBRARY_PATH} PYTHONPATH=/home/autretechlab/Documents/GitHub/ATL_ThymioII_ROS2_bridge/src/install/thymio2_ros2_bridge_py_pkg/lib/python3.8/site-packages:/home/autretechlab/Documents/GitHub/ATL_ThymioII_ROS2_bridge/src/install/thymio2_interfaces/lib/python3.8/site-packages:${PYTHONPATH} /usr/bin/python3 setup.py egg_info --egg-base ../build/thymio2_ros2_bridge_py_pkg build --build-base /home/autretechlab/Documents/GitHub/ATL_ThymioII_ROS2_bridge/src/build/thymio2_ros2_bridge_py_pkg/build install --prefix /home/autretechlab/Documents/GitHub/ATL_ThymioII_ROS2_bridge/src/install/thymio2_ros2_bridge_py_pkg --record /home/autretechlab/Documents/GitHub/ATL_ThymioII_ROS2_bridge/src/build/thymio2_ros2_bridge_py_pkg/install.log --single-version-externally-managed
[11.889s] Level 1:colcon.colcon_core.environment:checking '/home/autretechlab/Documents/GitHub/ATL_ThymioII_ROS2_bridge/src/install/thymio2_ros2_bridge_py_pkg' for CMake module files
[11.890s] DEBUG:colcon.colcon_core.event_handler.log_command:Invoked command in '/home/autretechlab/Documents/GitHub/ATL_ThymioII_ROS2_bridge/src/thymio2_ros2_bridge_py_pkg' returned '0': AMENT_PREFIX_PATH=/home/autretechlab/Documents/GitHub/ATL_ThymioII_ROS2_bridge/src/install/thymio2_interfaces:${AMENT_PREFIX_PATH} CMAKE_PREFIX_PATH=/home/autretechlab/Documents/GitHub/ATL_ThymioII_ROS2_bridge/src/install/thymio2_interfaces:${CMAKE_PREFIX_PATH} LD_LIBRARY_PATH=/home/autretechlab/Documents/GitHub/ATL_ThymioII_ROS2_bridge/src/install/thymio2_interfaces/lib:${LD_LIBRARY_PATH} PYTHONPATH=/home/autretechlab/Documents/GitHub/ATL_ThymioII_ROS2_bridge/src/install/thymio2_ros2_bridge_py_pkg/lib/python3.8/site-packages:/home/autretechlab/Documents/GitHub/ATL_ThymioII_ROS2_bridge/src/install/thymio2_interfaces/lib/python3.8/site-packages:${PYTHONPATH} /usr/bin/python3 setup.py egg_info --egg-base ../build/thymio2_ros2_bridge_py_pkg build --build-base /home/autretechlab/Documents/GitHub/ATL_ThymioII_ROS2_bridge/src/build/thymio2_ros2_bridge_py_pkg/build install --prefix /home/autretechlab/Documents/GitHub/ATL_ThymioII_ROS2_bridge/src/install/thymio2_ros2_bridge_py_pkg --record /home/autretechlab/Documents/GitHub/ATL_ThymioII_ROS2_bridge/src/build/thymio2_ros2_bridge_py_pkg/install.log --single-version-externally-managed
[11.890s] Level 1:colcon.colcon_core.environment:checking '/home/autretechlab/Documents/GitHub/ATL_ThymioII_ROS2_bridge/src/install/thymio2_ros2_bridge_py_pkg' for CMake config files
[11.891s] Level 1:colcon.colcon_core.environment:checking '/home/autretechlab/Documents/GitHub/ATL_ThymioII_ROS2_bridge/src/install/thymio2_ros2_bridge_py_pkg/lib'
[11.891s] Level 1:colcon.colcon_core.environment:checking '/home/autretechlab/Documents/GitHub/ATL_ThymioII_ROS2_bridge/src/install/thymio2_ros2_bridge_py_pkg/bin'
[11.891s] Level 1:colcon.colcon_core.environment:checking '/home/autretechlab/Documents/GitHub/ATL_ThymioII_ROS2_bridge/src/install/thymio2_ros2_bridge_py_pkg/lib/pkgconfig/thymio2_ros2_bridge_py_pkg.pc'
[11.891s] Level 1:colcon.colcon_core.environment:checking '/home/autretechlab/Documents/GitHub/ATL_ThymioII_ROS2_bridge/src/install/thymio2_ros2_bridge_py_pkg/lib/python3.8/site-packages'
[11.891s] Level 1:colcon.colcon_core.shell:create_environment_hook('thymio2_ros2_bridge_py_pkg', 'pythonpath')
[11.892s] INFO:colcon.colcon_core.shell:Creating environment hook '/home/autretechlab/Documents/GitHub/ATL_ThymioII_ROS2_bridge/src/install/thymio2_ros2_bridge_py_pkg/share/thymio2_ros2_bridge_py_pkg/hook/pythonpath.ps1'
[11.893s] INFO:colcon.colcon_core.shell:Creating environment descriptor '/home/autretechlab/Documents/GitHub/ATL_ThymioII_ROS2_bridge/src/install/thymio2_ros2_bridge_py_pkg/share/thymio2_ros2_bridge_py_pkg/hook/pythonpath.dsv'
[11.893s] INFO:colcon.colcon_core.shell:Creating environment hook '/home/autretechlab/Documents/GitHub/ATL_ThymioII_ROS2_bridge/src/install/thymio2_ros2_bridge_py_pkg/share/thymio2_ros2_bridge_py_pkg/hook/pythonpath.sh'
[11.893s] Level 1:colcon.colcon_core.environment:create_environment_scripts_only(thymio2_ros2_bridge_py_pkg)
[11.894s] INFO:colcon.colcon_core.shell:Creating package script '/home/autretechlab/Documents/GitHub/ATL_ThymioII_ROS2_bridge/src/install/thymio2_ros2_bridge_py_pkg/share/thymio2_ros2_bridge_py_pkg/package.ps1'
[11.895s] INFO:colcon.colcon_core.shell:Creating package descriptor '/home/autretechlab/Documents/GitHub/ATL_ThymioII_ROS2_bridge/src/install/thymio2_ros2_bridge_py_pkg/share/thymio2_ros2_bridge_py_pkg/package.dsv'
[11.895s] INFO:colcon.colcon_core.shell:Creating package script '/home/autretechlab/Documents/GitHub/ATL_ThymioII_ROS2_bridge/src/install/thymio2_ros2_bridge_py_pkg/share/thymio2_ros2_bridge_py_pkg/package.sh'
[11.896s] INFO:colcon.colcon_core.shell:Creating package script '/home/autretechlab/Documents/GitHub/ATL_ThymioII_ROS2_bridge/src/install/thymio2_ros2_bridge_py_pkg/share/thymio2_ros2_bridge_py_pkg/package.bash'
[11.896s] INFO:colcon.colcon_core.shell:Creating package script '/home/autretechlab/Documents/GitHub/ATL_ThymioII_ROS2_bridge/src/install/thymio2_ros2_bridge_py_pkg/share/thymio2_ros2_bridge_py_pkg/package.zsh'
[11.896s] Level 1:colcon.colcon_core.environment:create_file_with_runtime_dependencies(/home/autretechlab/Documents/GitHub/ATL_ThymioII_ROS2_bridge/src/install/thymio2_ros2_bridge_py_pkg/share/colcon-core/packages/thymio2_ros2_bridge_py_pkg)
[11.897s] DEBUG:colcon.colcon_parallel_executor.executor.parallel:closing loop
[11.897s] DEBUG:colcon.colcon_parallel_executor.executor.parallel:loop closed
[11.897s] DEBUG:colcon.colcon_parallel_executor.executor.parallel:run_until_complete finished with '0'
[11.898s] DEBUG:colcon.colcon_core.event_reactor:joining thread
[11.924s] INFO:colcon.colcon_core.plugin_system:Skipping extension 'colcon_notification.desktop_notification.terminal_notifier': Not used on non-Darwin systems
[11.924s] INFO:colcon.colcon_core.plugin_system:Skipping extension 'colcon_notification.desktop_notification.win32': Not used on non-Windows systems
[11.924s] INFO:colcon.colcon_notification.desktop_notification:Sending desktop notification using 'notify2'
[11.987s] DEBUG:colcon.colcon_core.event_reactor:joined thread
[11.989s] INFO:colcon.colcon_core.shell:Creating prefix script '/home/autretechlab/Documents/GitHub/ATL_ThymioII_ROS2_bridge/src/install/local_setup.ps1'
[11.991s] INFO:colcon.colcon_core.shell:Creating prefix util module '/home/autretechlab/Documents/GitHub/ATL_ThymioII_ROS2_bridge/src/install/_local_setup_util_ps1.py'
[11.994s] INFO:colcon.colcon_core.shell:Creating prefix chain script '/home/autretechlab/Documents/GitHub/ATL_ThymioII_ROS2_bridge/src/install/setup.ps1'
[12.000s] INFO:colcon.colcon_core.shell:Creating prefix script '/home/autretechlab/Documents/GitHub/ATL_ThymioII_ROS2_bridge/src/install/local_setup.sh'
[12.001s] INFO:colcon.colcon_core.shell:Creating prefix util module '/home/autretechlab/Documents/GitHub/ATL_ThymioII_ROS2_bridge/src/install/_local_setup_util_sh.py'
[12.002s] INFO:colcon.colcon_core.shell:Creating prefix chain script '/home/autretechlab/Documents/GitHub/ATL_ThymioII_ROS2_bridge/src/install/setup.sh'
[12.005s] INFO:colcon.colcon_core.shell:Creating prefix script '/home/autretechlab/Documents/GitHub/ATL_ThymioII_ROS2_bridge/src/install/local_setup.bash'
[12.006s] INFO:colcon.colcon_core.shell:Creating prefix chain script '/home/autretechlab/Documents/GitHub/ATL_ThymioII_ROS2_bridge/src/install/setup.bash'
[12.009s] INFO:colcon.colcon_core.shell:Creating prefix script '/home/autretechlab/Documents/GitHub/ATL_ThymioII_ROS2_bridge/src/install/local_setup.zsh'
[12.010s] INFO:colcon.colcon_core.shell:Creating prefix chain script '/home/autretechlab/Documents/GitHub/ATL_ThymioII_ROS2_bridge/src/install/setup.zsh'
