running egg_info
creating ../../build/thymioII_pkg/thymioII_pkg.egg-info
writing ../../build/thymioII_pkg/thymioII_pkg.egg-info/PKG-INFO
writing dependency_links to ../../build/thymioII_pkg/thymioII_pkg.egg-info/dependency_links.txt
writing entry points to ../../build/thymioII_pkg/thymioII_pkg.egg-info/entry_points.txt
writing requirements to ../../build/thymioII_pkg/thymioII_pkg.egg-info/requires.txt
writing top-level names to ../../build/thymioII_pkg/thymioII_pkg.egg-info/top_level.txt
writing manifest file '../../build/thymioII_pkg/thymioII_pkg.egg-info/SOURCES.txt'
reading manifest file '../../build/thymioII_pkg/thymioII_pkg.egg-info/SOURCES.txt'
writing manifest file '../../build/thymioII_pkg/thymioII_pkg.egg-info/SOURCES.txt'
running build
running build_py
creating /home/autretechlab/Documents/GitHub/ATL_ThymioII_ROS2_bridge/build/thymioII_pkg/build
creating /home/autretechlab/Documents/GitHub/ATL_ThymioII_ROS2_bridge/build/thymioII_pkg/build/lib
creating /home/autretechlab/Documents/GitHub/ATL_ThymioII_ROS2_bridge/build/thymioII_pkg/build/lib/thymioII_pkg
copying thymioII_pkg/__init__.py -> /home/autretechlab/Documents/GitHub/ATL_ThymioII_ROS2_bridge/build/thymioII_pkg/build/lib/thymioII_pkg
running install
running install_lib
creating /home/autretechlab/Documents/GitHub/ATL_ThymioII_ROS2_bridge/install/thymioII_pkg/lib/python3.8/site-packages/thymioII_pkg
copying /home/autretechlab/Documents/GitHub/ATL_ThymioII_ROS2_bridge/build/thymioII_pkg/build/lib/thymioII_pkg/__init__.py -> /home/autretechlab/Documents/GitHub/ATL_ThymioII_ROS2_bridge/install/thymioII_pkg/lib/python3.8/site-packages/thymioII_pkg
byte-compiling /home/autretechlab/Documents/GitHub/ATL_ThymioII_ROS2_bridge/install/thymioII_pkg/lib/python3.8/site-packages/thymioII_pkg/__init__.py to __init__.cpython-38.pyc
running install_data
creating /home/autretechlab/Documents/GitHub/ATL_ThymioII_ROS2_bridge/install/thymioII_pkg/share/ament_index
creating /home/autretechlab/Documents/GitHub/ATL_ThymioII_ROS2_bridge/install/thymioII_pkg/share/ament_index/resource_index
creating /home/autretechlab/Documents/GitHub/ATL_ThymioII_ROS2_bridge/install/thymioII_pkg/share/ament_index/resource_index/packages
copying resource/thymioII_pkg -> /home/autretechlab/Documents/GitHub/ATL_ThymioII_ROS2_bridge/install/thymioII_pkg/share/ament_index/resource_index/packages
copying package.xml -> /home/autretechlab/Documents/GitHub/ATL_ThymioII_ROS2_bridge/install/thymioII_pkg/share/thymioII_pkg
running install_egg_info
Copying ../../build/thymioII_pkg/thymioII_pkg.egg-info to /home/autretechlab/Documents/GitHub/ATL_ThymioII_ROS2_bridge/install/thymioII_pkg/lib/python3.8/site-packages/thymioII_pkg-0.0.0-py3.8.egg-info
running install_scripts
writing list of installed files to '/home/autretechlab/Documents/GitHub/ATL_ThymioII_ROS2_bridge/build/thymioII_pkg/install.log'
