[0.328s] Invoking command in '/home/autretechlab/Documents/GitHub/ATL_ThymioII_ROS2_bridge/src/thymioII_pkg': PYTHONPATH=/home/autretechlab/Documents/GitHub/ATL_ThymioII_ROS2_bridge/install/thymioII_pkg/lib/python3.8/site-packages:${PYTHONPATH} /usr/bin/python3 setup.py egg_info --egg-base ../../build/thymioII_pkg build --build-base /home/autretechlab/Documents/GitHub/ATL_ThymioII_ROS2_bridge/build/thymioII_pkg/build install --prefix /home/autretechlab/Documents/GitHub/ATL_ThymioII_ROS2_bridge/install/thymioII_pkg --record /home/autretechlab/Documents/GitHub/ATL_ThymioII_ROS2_bridge/build/thymioII_pkg/install.log --single-version-externally-managed
[0.607s] running egg_info
[0.608s] creating ../../build/thymioII_pkg/thymioII_pkg.egg-info
[0.608s] writing ../../build/thymioII_pkg/thymioII_pkg.egg-info/PKG-INFO
[0.609s] writing dependency_links to ../../build/thymioII_pkg/thymioII_pkg.egg-info/dependency_links.txt
[0.609s] writing entry points to ../../build/thymioII_pkg/thymioII_pkg.egg-info/entry_points.txt
[0.609s] writing requirements to ../../build/thymioII_pkg/thymioII_pkg.egg-info/requires.txt
[0.610s] writing top-level names to ../../build/thymioII_pkg/thymioII_pkg.egg-info/top_level.txt
[0.613s] writing manifest file '../../build/thymioII_pkg/thymioII_pkg.egg-info/SOURCES.txt'
[0.666s] reading manifest file '../../build/thymioII_pkg/thymioII_pkg.egg-info/SOURCES.txt'
[0.667s] writing manifest file '../../build/thymioII_pkg/thymioII_pkg.egg-info/SOURCES.txt'
[0.668s] running build
[0.668s] running build_py
[0.668s] creating /home/autretechlab/Documents/GitHub/ATL_ThymioII_ROS2_bridge/build/thymioII_pkg/build
[0.669s] creating /home/autretechlab/Documents/GitHub/ATL_ThymioII_ROS2_bridge/build/thymioII_pkg/build/lib
[0.669s] creating /home/autretechlab/Documents/GitHub/ATL_ThymioII_ROS2_bridge/build/thymioII_pkg/build/lib/thymioII_pkg
[0.670s] copying thymioII_pkg/__init__.py -> /home/autretechlab/Documents/GitHub/ATL_ThymioII_ROS2_bridge/build/thymioII_pkg/build/lib/thymioII_pkg
[0.670s] running install
[0.670s] running install_lib
[0.672s] creating /home/autretechlab/Documents/GitHub/ATL_ThymioII_ROS2_bridge/install/thymioII_pkg/lib/python3.8/site-packages/thymioII_pkg
[0.672s] copying /home/autretechlab/Documents/GitHub/ATL_ThymioII_ROS2_bridge/build/thymioII_pkg/build/lib/thymioII_pkg/__init__.py -> /home/autretechlab/Documents/GitHub/ATL_ThymioII_ROS2_bridge/install/thymioII_pkg/lib/python3.8/site-packages/thymioII_pkg
[0.672s] byte-compiling /home/autretechlab/Documents/GitHub/ATL_ThymioII_ROS2_bridge/install/thymioII_pkg/lib/python3.8/site-packages/thymioII_pkg/__init__.py to __init__.cpython-38.pyc
[0.674s] running install_data
[0.675s] creating /home/autretechlab/Documents/GitHub/ATL_ThymioII_ROS2_bridge/install/thymioII_pkg/share/ament_index
[0.675s] creating /home/autretechlab/Documents/GitHub/ATL_ThymioII_ROS2_bridge/install/thymioII_pkg/share/ament_index/resource_index
[0.675s] creating /home/autretechlab/Documents/GitHub/ATL_ThymioII_ROS2_bridge/install/thymioII_pkg/share/ament_index/resource_index/packages
[0.676s] copying resource/thymioII_pkg -> /home/autretechlab/Documents/GitHub/ATL_ThymioII_ROS2_bridge/install/thymioII_pkg/share/ament_index/resource_index/packages
[0.676s] copying package.xml -> /home/autretechlab/Documents/GitHub/ATL_ThymioII_ROS2_bridge/install/thymioII_pkg/share/thymioII_pkg
[0.677s] running install_egg_info
[0.680s] Copying ../../build/thymioII_pkg/thymioII_pkg.egg-info to /home/autretechlab/Documents/GitHub/ATL_ThymioII_ROS2_bridge/install/thymioII_pkg/lib/python3.8/site-packages/thymioII_pkg-0.0.0-py3.8.egg-info
[0.681s] running install_scripts
[0.706s] writing list of installed files to '/home/autretechlab/Documents/GitHub/ATL_ThymioII_ROS2_bridge/build/thymioII_pkg/install.log'
[0.740s] Invoked command in '/home/autretechlab/Documents/GitHub/ATL_ThymioII_ROS2_bridge/src/thymioII_pkg' returned '0': PYTHONPATH=/home/autretechlab/Documents/GitHub/ATL_ThymioII_ROS2_bridge/install/thymioII_pkg/lib/python3.8/site-packages:${PYTHONPATH} /usr/bin/python3 setup.py egg_info --egg-base ../../build/thymioII_pkg build --build-base /home/autretechlab/Documents/GitHub/ATL_ThymioII_ROS2_bridge/build/thymioII_pkg/build install --prefix /home/autretechlab/Documents/GitHub/ATL_ThymioII_ROS2_bridge/install/thymioII_pkg --record /home/autretechlab/Documents/GitHub/ATL_ThymioII_ROS2_bridge/build/thymioII_pkg/install.log --single-version-externally-managed
