-- The C compiler identification is GNU 9.3.0
-- The CXX compiler identification is GNU 9.3.0
-- Check for working C compiler: /usr/bin/cc
-- Check for working C compiler: /usr/bin/cc -- works
-- Detecting C compiler ABI info
-- Detecting C compiler ABI info - done
-- Detecting C compile features
-- Detecting C compile features - done
-- Check for working CXX compiler: /usr/bin/c++
-- Check for working CXX compiler: /usr/bin/c++ -- works
-- Detecting CXX compiler ABI info
-- Detecting CXX compiler ABI info - done
-- Detecting CXX compile features
-- Detecting CXX compile features - done
-- Found ament_cmake: 0.9.6 (/opt/ros/foxy/share/ament_cmake/cmake)
-- Found PythonInterp: /usr/bin/python3 (found suitable version "3.8.5", minimum required is "3") 
-- Using PYTHON_EXECUTABLE: /usr/bin/python3
-- Found rosidl_default_generators: 1.0.0 (/opt/ros/foxy/share/rosidl_default_generators/cmake)
-- Using all available rosidl_typesupport_c: rosidl_typesupport_fastrtps_c;rosidl_typesupport_introspection_c
-- Found rosidl_adapter: 1.1.0 (/opt/ros/foxy/share/rosidl_adapter/cmake)
-- Found OpenSSL: /usr/lib/x86_64-linux-gnu/libcrypto.so (found version "1.1.1f")  
-- Found FastRTPS: /opt/ros/foxy/include  
-- Using all available rosidl_typesupport_cpp: rosidl_typesupport_fastrtps_cpp;rosidl_typesupport_introspection_cpp
-- Found PythonInterp: /usr/bin/python3 (found version "3.8.5") 
-- Found ament_cmake_ros: 0.9.0 (/opt/ros/foxy/share/ament_cmake_ros/cmake)
-- Using all available rosidl_typesupport_c: rosidl_typesupport_fastrtps_c;rosidl_typesupport_introspection_c
-- Using all available rosidl_typesupport_cpp: rosidl_typesupport_fastrtps_cpp;rosidl_typesupport_introspection_cpp
-- Found PythonInterp: /usr/bin/python3 (found suitable version "3.8.5", minimum required is "3.5") 
-- Found python_cmake_module: 0.8.0 (/opt/ros/foxy/share/python_cmake_module/cmake)
-- Found PythonLibs: /usr/lib/x86_64-linux-gnu/libpython3.8.so (found suitable version "3.8.5", minimum required is "3.5") 
-- Using PYTHON_EXECUTABLE: /usr/bin/python3
-- Using PYTHON_INCLUDE_DIRS: /usr/include/python3.8
-- Using PYTHON_LIBRARIES: /usr/lib/x86_64-linux-gnu/libpython3.8.so
-- Found PythonExtra: .so  
-- Configuring done
-- Generating done
-- Build files have been written to: /home/autretechlab/Documents/GitHub/ATL_ThymioII_ROS2_bridge/src/build/thymio2_interfaces
[  2%] [34m[1mGenerating C code for ROS interfaces[0m
[35m[1mScanning dependencies of target thymio2_interfaces__cpp[0m
[  5%] [34m[1mGenerating C++ code for ROS interfaces[0m
[  5%] Built target thymio2_interfaces__cpp
[35m[1mScanning dependencies of target thymio2_interfaces__rosidl_generator_c[0m
[  7%] [34m[1mGenerating C++ type support for eProsima Fast-RTPS[0m
[ 12%] [34m[1mGenerating C++ introspection for ROS interfaces[0m
[ 12%] [34m[1mGenerating C++ type support dispatch for ROS interfaces[0m
[ 15%] [32mBuilding C object CMakeFiles/thymio2_interfaces__rosidl_generator_c.dir/rosidl_generator_c/thymio2_interfaces/msg/detail/thymio2_controller__functions.c.o[0m
[ 17%] [32mBuilding C object CMakeFiles/thymio2_interfaces__rosidl_generator_c.dir/rosidl_generator_c/thymio2_interfaces/srv/detail/thymio2_controller_srv__functions.c.o[0m
[ 20%] [32m[1mLinking C shared library libthymio2_interfaces__rosidl_generator_c.so[0m
[ 20%] Built target thymio2_interfaces__rosidl_generator_c
[ 23%] [34m[1mGenerating C introspection for ROS interfaces[0m
[35m[1mScanning dependencies of target thymio2_interfaces__rosidl_typesupport_cpp[0m
[ 25%] [32mBuilding CXX object CMakeFiles/thymio2_interfaces__rosidl_typesupport_cpp.dir/rosidl_typesupport_cpp/thymio2_interfaces/msg/thymio2_controller__type_support.cpp.o[0m
[35m[1mScanning dependencies of target thymio2_interfaces__rosidl_typesupport_introspection_cpp[0m
[ 28%] [32mBuilding CXX object CMakeFiles/thymio2_interfaces__rosidl_typesupport_introspection_cpp.dir/rosidl_typesupport_introspection_cpp/thymio2_interfaces/msg/detail/thymio2_controller__type_support.cpp.o[0m
[35m[1mScanning dependencies of target thymio2_interfaces__rosidl_typesupport_fastrtps_cpp[0m
[ 30%] [32mBuilding CXX object CMakeFiles/thymio2_interfaces__rosidl_typesupport_fastrtps_cpp.dir/rosidl_typesupport_fastrtps_cpp/thymio2_interfaces/msg/detail/dds_fastrtps/thymio2_controller__type_support.cpp.o[0m
[35m[1mScanning dependencies of target thymio2_interfaces__rosidl_typesupport_introspection_c[0m
[ 33%] [32mBuilding C object CMakeFiles/thymio2_interfaces__rosidl_typesupport_introspection_c.dir/rosidl_typesupport_introspection_c/thymio2_interfaces/msg/detail/thymio2_controller__type_support.c.o[0m
[ 35%] [32mBuilding C object CMakeFiles/thymio2_interfaces__rosidl_typesupport_introspection_c.dir/rosidl_typesupport_introspection_c/thymio2_interfaces/srv/detail/thymio2_controller_srv__type_support.c.o[0m
[ 38%] [32m[1mLinking C shared library libthymio2_interfaces__rosidl_typesupport_introspection_c.so[0m
[ 41%] [32mBuilding CXX object CMakeFiles/thymio2_interfaces__rosidl_typesupport_cpp.dir/rosidl_typesupport_cpp/thymio2_interfaces/srv/thymio2_controller_srv__type_support.cpp.o[0m
[ 41%] Built target thymio2_interfaces__rosidl_typesupport_introspection_c
[ 43%] [32mBuilding CXX object CMakeFiles/thymio2_interfaces__rosidl_typesupport_introspection_cpp.dir/rosidl_typesupport_introspection_cpp/thymio2_interfaces/srv/detail/thymio2_controller_srv__type_support.cpp.o[0m
[ 46%] [34m[1mGenerating C type support dispatch for ROS interfaces[0m
[ 48%] [32m[1mLinking CXX shared library libthymio2_interfaces__rosidl_typesupport_introspection_cpp.so[0m
[ 51%] [32m[1mLinking CXX shared library libthymio2_interfaces__rosidl_typesupport_cpp.so[0m
[ 51%] Built target thymio2_interfaces__rosidl_typesupport_cpp
[ 53%] [32mBuilding CXX object CMakeFiles/thymio2_interfaces__rosidl_typesupport_fastrtps_cpp.dir/rosidl_typesupport_fastrtps_cpp/thymio2_interfaces/srv/detail/dds_fastrtps/thymio2_controller_srv__type_support.cpp.o[0m
[ 53%] Built target thymio2_interfaces__rosidl_typesupport_introspection_cpp
[35m[1mScanning dependencies of target thymio2_interfaces__rosidl_typesupport_c[0m
[ 56%] [32mBuilding CXX object CMakeFiles/thymio2_interfaces__rosidl_typesupport_c.dir/rosidl_typesupport_c/thymio2_interfaces/srv/thymio2_controller_srv__type_support.cpp.o[0m
[ 58%] [32mBuilding CXX object CMakeFiles/thymio2_interfaces__rosidl_typesupport_c.dir/rosidl_typesupport_c/thymio2_interfaces/msg/thymio2_controller__type_support.cpp.o[0m
[ 61%] [32m[1mLinking CXX shared library libthymio2_interfaces__rosidl_typesupport_c.so[0m
[ 61%] Built target thymio2_interfaces__rosidl_typesupport_c
[ 64%] [32m[1mLinking CXX shared library libthymio2_interfaces__rosidl_typesupport_fastrtps_cpp.so[0m
[ 64%] Built target thymio2_interfaces__rosidl_typesupport_fastrtps_cpp
[ 66%] [34m[1mGenerating C type support for eProsima Fast-RTPS[0m
[35m[1mScanning dependencies of target thymio2_interfaces__rosidl_typesupport_fastrtps_c[0m
[ 69%] [32mBuilding CXX object CMakeFiles/thymio2_interfaces__rosidl_typesupport_fastrtps_c.dir/rosidl_typesupport_fastrtps_c/thymio2_interfaces/srv/detail/thymio2_controller_srv__type_support_c.cpp.o[0m
[ 71%] [32mBuilding CXX object CMakeFiles/thymio2_interfaces__rosidl_typesupport_fastrtps_c.dir/rosidl_typesupport_fastrtps_c/thymio2_interfaces/msg/detail/thymio2_controller__type_support_c.cpp.o[0m
[ 74%] [32m[1mLinking CXX shared library libthymio2_interfaces__rosidl_typesupport_fastrtps_c.so[0m
[ 74%] Built target thymio2_interfaces__rosidl_typesupport_fastrtps_c
[35m[1mScanning dependencies of target thymio2_interfaces[0m
[ 74%] Built target thymio2_interfaces
[35m[1mScanning dependencies of target thymio2_interfaces__py[0m
[ 76%] [34m[1mGenerating Python code for ROS interfaces[0m
[ 76%] Built target thymio2_interfaces__py
[35m[1mScanning dependencies of target thymio2_interfaces__python[0m
[ 82%] [32mBuilding C object CMakeFiles/thymio2_interfaces__python.dir/rosidl_generator_py/thymio2_interfaces/srv/_thymio2_controller_srv_s.c.o[0m
[ 82%] [32mBuilding C object CMakeFiles/thymio2_interfaces__python.dir/rosidl_generator_py/thymio2_interfaces/msg/_thymio2_controller_s.c.o[0m
[ 84%] [32m[1mLinking C shared library rosidl_generator_py/thymio2_interfaces/libthymio2_interfaces__python.so[0m
[ 84%] Built target thymio2_interfaces__python
[35m[1mScanning dependencies of target thymio2_interfaces__rosidl_typesupport_introspection_c__pyext[0m
[35m[1mScanning dependencies of target thymio2_interfaces__rosidl_typesupport_c__pyext[0m
[35m[1mScanning dependencies of target thymio2_interfaces__rosidl_typesupport_fastrtps_c__pyext[0m
[ 87%] [32mBuilding C object CMakeFiles/thymio2_interfaces__rosidl_typesupport_introspection_c__pyext.dir/rosidl_generator_py/thymio2_interfaces/_thymio2_interfaces_s.ep.rosidl_typesupport_introspection_c.c.o[0m
[ 92%] [32mBuilding C object CMakeFiles/thymio2_interfaces__rosidl_typesupport_fastrtps_c__pyext.dir/rosidl_generator_py/thymio2_interfaces/_thymio2_interfaces_s.ep.rosidl_typesupport_fastrtps_c.c.o[0m
[ 92%] [32mBuilding C object CMakeFiles/thymio2_interfaces__rosidl_typesupport_c__pyext.dir/rosidl_generator_py/thymio2_interfaces/_thymio2_interfaces_s.ep.rosidl_typesupport_c.c.o[0m
[ 94%] [32m[1mLinking C shared library rosidl_generator_py/thymio2_interfaces/thymio2_interfaces_s__rosidl_typesupport_c.cpython-38-x86_64-linux-gnu.so[0m
[ 97%] [32m[1mLinking C shared library rosidl_generator_py/thymio2_interfaces/thymio2_interfaces_s__rosidl_typesupport_introspection_c.cpython-38-x86_64-linux-gnu.so[0m
[ 97%] Built target thymio2_interfaces__rosidl_typesupport_c__pyext
[100%] [32m[1mLinking CXX shared library rosidl_generator_py/thymio2_interfaces/thymio2_interfaces_s__rosidl_typesupport_fastrtps_c.cpython-38-x86_64-linux-gnu.so[0m
[100%] Built target thymio2_interfaces__rosidl_typesupport_introspection_c__pyext
[100%] Built target thymio2_interfaces__rosidl_typesupport_fastrtps_c__pyext
-- Install configuration: ""
-- Installing: /home/autretechlab/Documents/GitHub/ATL_ThymioII_ROS2_bridge/src/install/thymio2_interfaces/share/ament_index/resource_index/rosidl_interfaces/thymio2_interfaces
-- Installing: /home/autretechlab/Documents/GitHub/ATL_ThymioII_ROS2_bridge/src/install/thymio2_interfaces/include/thymio2_interfaces
-- Installing: /home/autretechlab/Documents/GitHub/ATL_ThymioII_ROS2_bridge/src/install/thymio2_interfaces/include/thymio2_interfaces/srv
-- Installing: /home/autretechlab/Documents/GitHub/ATL_ThymioII_ROS2_bridge/src/install/thymio2_interfaces/include/thymio2_interfaces/srv/thymio2_controller_srv.h
-- Installing: /home/autretechlab/Documents/GitHub/ATL_ThymioII_ROS2_bridge/src/install/thymio2_interfaces/include/thymio2_interfaces/srv/detail
-- Installing: /home/autretechlab/Documents/GitHub/ATL_ThymioII_ROS2_bridge/src/install/thymio2_interfaces/include/thymio2_interfaces/srv/detail/thymio2_controller_srv__struct.h
-- Installing: /home/autretechlab/Documents/GitHub/ATL_ThymioII_ROS2_bridge/src/install/thymio2_interfaces/include/thymio2_interfaces/srv/detail/thymio2_controller_srv__functions.c
-- Installing: /home/autretechlab/Documents/GitHub/ATL_ThymioII_ROS2_bridge/src/install/thymio2_interfaces/include/thymio2_interfaces/srv/detail/thymio2_controller_srv__functions.h
-- Installing: /home/autretechlab/Documents/GitHub/ATL_ThymioII_ROS2_bridge/src/install/thymio2_interfaces/include/thymio2_interfaces/srv/detail/thymio2_controller_srv__type_support.h
-- Installing: /home/autretechlab/Documents/GitHub/ATL_ThymioII_ROS2_bridge/src/install/thymio2_interfaces/include/thymio2_interfaces/msg
-- Installing: /home/autretechlab/Documents/GitHub/ATL_ThymioII_ROS2_bridge/src/install/thymio2_interfaces/include/thymio2_interfaces/msg/rosidl_generator_c__visibility_control.h
-- Installing: /home/autretechlab/Documents/GitHub/ATL_ThymioII_ROS2_bridge/src/install/thymio2_interfaces/include/thymio2_interfaces/msg/thymio2_controller.h
-- Installing: /home/autretechlab/Documents/GitHub/ATL_ThymioII_ROS2_bridge/src/install/thymio2_interfaces/include/thymio2_interfaces/msg/detail
-- Installing: /home/autretechlab/Documents/GitHub/ATL_ThymioII_ROS2_bridge/src/install/thymio2_interfaces/include/thymio2_interfaces/msg/detail/thymio2_controller__functions.h
-- Installing: /home/autretechlab/Documents/GitHub/ATL_ThymioII_ROS2_bridge/src/install/thymio2_interfaces/include/thymio2_interfaces/msg/detail/thymio2_controller__struct.h
-- Installing: /home/autretechlab/Documents/GitHub/ATL_ThymioII_ROS2_bridge/src/install/thymio2_interfaces/include/thymio2_interfaces/msg/detail/thymio2_controller__type_support.h
-- Installing: /home/autretechlab/Documents/GitHub/ATL_ThymioII_ROS2_bridge/src/install/thymio2_interfaces/include/thymio2_interfaces/msg/detail/thymio2_controller__functions.c
-- Installing: /home/autretechlab/Documents/GitHub/ATL_ThymioII_ROS2_bridge/src/install/thymio2_interfaces/share/thymio2_interfaces/environment/library_path.sh
-- Installing: /home/autretechlab/Documents/GitHub/ATL_ThymioII_ROS2_bridge/src/install/thymio2_interfaces/share/thymio2_interfaces/environment/library_path.dsv
-- Installing: /home/autretechlab/Documents/GitHub/ATL_ThymioII_ROS2_bridge/src/install/thymio2_interfaces/lib/libthymio2_interfaces__rosidl_generator_c.so
-- Set runtime path of "/home/autretechlab/Documents/GitHub/ATL_ThymioII_ROS2_bridge/src/install/thymio2_interfaces/lib/libthymio2_interfaces__rosidl_generator_c.so" to ""
-- Up-to-date: /home/autretechlab/Documents/GitHub/ATL_ThymioII_ROS2_bridge/src/install/thymio2_interfaces/include/thymio2_interfaces
-- Up-to-date: /home/autretechlab/Documents/GitHub/ATL_ThymioII_ROS2_bridge/src/install/thymio2_interfaces/include/thymio2_interfaces/srv
-- Up-to-date: /home/autretechlab/Documents/GitHub/ATL_ThymioII_ROS2_bridge/src/install/thymio2_interfaces/include/thymio2_interfaces/srv/detail
-- Installing: /home/autretechlab/Documents/GitHub/ATL_ThymioII_ROS2_bridge/src/install/thymio2_interfaces/include/thymio2_interfaces/srv/detail/thymio2_controller_srv__rosidl_typesupport_fastrtps_c.h
-- Up-to-date: /home/autretechlab/Documents/GitHub/ATL_ThymioII_ROS2_bridge/src/install/thymio2_interfaces/include/thymio2_interfaces/msg
-- Installing: /home/autretechlab/Documents/GitHub/ATL_ThymioII_ROS2_bridge/src/install/thymio2_interfaces/include/thymio2_interfaces/msg/rosidl_typesupport_fastrtps_c__visibility_control.h
-- Up-to-date: /home/autretechlab/Documents/GitHub/ATL_ThymioII_ROS2_bridge/src/install/thymio2_interfaces/include/thymio2_interfaces/msg/detail
-- Installing: /home/autretechlab/Documents/GitHub/ATL_ThymioII_ROS2_bridge/src/install/thymio2_interfaces/include/thymio2_interfaces/msg/detail/thymio2_controller__rosidl_typesupport_fastrtps_c.h
-- Installing: /home/autretechlab/Documents/GitHub/ATL_ThymioII_ROS2_bridge/src/install/thymio2_interfaces/lib/libthymio2_interfaces__rosidl_typesupport_fastrtps_c.so
-- Set runtime path of "/home/autretechlab/Documents/GitHub/ATL_ThymioII_ROS2_bridge/src/install/thymio2_interfaces/lib/libthymio2_interfaces__rosidl_typesupport_fastrtps_c.so" to ""
-- Up-to-date: /home/autretechlab/Documents/GitHub/ATL_ThymioII_ROS2_bridge/src/install/thymio2_interfaces/include/thymio2_interfaces
-- Up-to-date: /home/autretechlab/Documents/GitHub/ATL_ThymioII_ROS2_bridge/src/install/thymio2_interfaces/include/thymio2_interfaces/srv
-- Up-to-date: /home/autretechlab/Documents/GitHub/ATL_ThymioII_ROS2_bridge/src/install/thymio2_interfaces/include/thymio2_interfaces/srv/detail
-- Installing: /home/autretechlab/Documents/GitHub/ATL_ThymioII_ROS2_bridge/src/install/thymio2_interfaces/include/thymio2_interfaces/srv/detail/dds_fastrtps
-- Installing: /home/autretechlab/Documents/GitHub/ATL_ThymioII_ROS2_bridge/src/install/thymio2_interfaces/include/thymio2_interfaces/srv/detail/thymio2_controller_srv__rosidl_typesupport_fastrtps_cpp.hpp
-- Up-to-date: /home/autretechlab/Documents/GitHub/ATL_ThymioII_ROS2_bridge/src/install/thymio2_interfaces/include/thymio2_interfaces/msg
-- Installing: /home/autretechlab/Documents/GitHub/ATL_ThymioII_ROS2_bridge/src/install/thymio2_interfaces/include/thymio2_interfaces/msg/rosidl_typesupport_fastrtps_cpp__visibility_control.h
-- Up-to-date: /home/autretechlab/Documents/GitHub/ATL_ThymioII_ROS2_bridge/src/install/thymio2_interfaces/include/thymio2_interfaces/msg/detail
-- Installing: /home/autretechlab/Documents/GitHub/ATL_ThymioII_ROS2_bridge/src/install/thymio2_interfaces/include/thymio2_interfaces/msg/detail/dds_fastrtps
-- Installing: /home/autretechlab/Documents/GitHub/ATL_ThymioII_ROS2_bridge/src/install/thymio2_interfaces/include/thymio2_interfaces/msg/detail/thymio2_controller__rosidl_typesupport_fastrtps_cpp.hpp
-- Installing: /home/autretechlab/Documents/GitHub/ATL_ThymioII_ROS2_bridge/src/install/thymio2_interfaces/lib/libthymio2_interfaces__rosidl_typesupport_fastrtps_cpp.so
-- Set runtime path of "/home/autretechlab/Documents/GitHub/ATL_ThymioII_ROS2_bridge/src/install/thymio2_interfaces/lib/libthymio2_interfaces__rosidl_typesupport_fastrtps_cpp.so" to ""
-- Up-to-date: /home/autretechlab/Documents/GitHub/ATL_ThymioII_ROS2_bridge/src/install/thymio2_interfaces/include/thymio2_interfaces
-- Up-to-date: /home/autretechlab/Documents/GitHub/ATL_ThymioII_ROS2_bridge/src/install/thymio2_interfaces/include/thymio2_interfaces/srv
-- Up-to-date: /home/autretechlab/Documents/GitHub/ATL_ThymioII_ROS2_bridge/src/install/thymio2_interfaces/include/thymio2_interfaces/srv/detail
-- Installing: /home/autretechlab/Documents/GitHub/ATL_ThymioII_ROS2_bridge/src/install/thymio2_interfaces/include/thymio2_interfaces/srv/detail/thymio2_controller_srv__rosidl_typesupport_introspection_c.h
-- Installing: /home/autretechlab/Documents/GitHub/ATL_ThymioII_ROS2_bridge/src/install/thymio2_interfaces/include/thymio2_interfaces/srv/detail/thymio2_controller_srv__type_support.c
-- Up-to-date: /home/autretechlab/Documents/GitHub/ATL_ThymioII_ROS2_bridge/src/install/thymio2_interfaces/include/thymio2_interfaces/msg
-- Installing: /home/autretechlab/Documents/GitHub/ATL_ThymioII_ROS2_bridge/src/install/thymio2_interfaces/include/thymio2_interfaces/msg/rosidl_typesupport_introspection_c__visibility_control.h
-- Up-to-date: /home/autretechlab/Documents/GitHub/ATL_ThymioII_ROS2_bridge/src/install/thymio2_interfaces/include/thymio2_interfaces/msg/detail
-- Installing: /home/autretechlab/Documents/GitHub/ATL_ThymioII_ROS2_bridge/src/install/thymio2_interfaces/include/thymio2_interfaces/msg/detail/thymio2_controller__rosidl_typesupport_introspection_c.h
-- Installing: /home/autretechlab/Documents/GitHub/ATL_ThymioII_ROS2_bridge/src/install/thymio2_interfaces/include/thymio2_interfaces/msg/detail/thymio2_controller__type_support.c
-- Installing: /home/autretechlab/Documents/GitHub/ATL_ThymioII_ROS2_bridge/src/install/thymio2_interfaces/lib/libthymio2_interfaces__rosidl_typesupport_introspection_c.so
-- Set runtime path of "/home/autretechlab/Documents/GitHub/ATL_ThymioII_ROS2_bridge/src/install/thymio2_interfaces/lib/libthymio2_interfaces__rosidl_typesupport_introspection_c.so" to ""
-- Installing: /home/autretechlab/Documents/GitHub/ATL_ThymioII_ROS2_bridge/src/install/thymio2_interfaces/lib/libthymio2_interfaces__rosidl_typesupport_c.so
-- Set runtime path of "/home/autretechlab/Documents/GitHub/ATL_ThymioII_ROS2_bridge/src/install/thymio2_interfaces/lib/libthymio2_interfaces__rosidl_typesupport_c.so" to ""
-- Up-to-date: /home/autretechlab/Documents/GitHub/ATL_ThymioII_ROS2_bridge/src/install/thymio2_interfaces/include/thymio2_interfaces
-- Up-to-date: /home/autretechlab/Documents/GitHub/ATL_ThymioII_ROS2_bridge/src/install/thymio2_interfaces/include/thymio2_interfaces/srv
-- Installing: /home/autretechlab/Documents/GitHub/ATL_ThymioII_ROS2_bridge/src/install/thymio2_interfaces/include/thymio2_interfaces/srv/thymio2_controller_srv.hpp
-- Up-to-date: /home/autretechlab/Documents/GitHub/ATL_ThymioII_ROS2_bridge/src/install/thymio2_interfaces/include/thymio2_interfaces/srv/detail
-- Installing: /home/autretechlab/Documents/GitHub/ATL_ThymioII_ROS2_bridge/src/install/thymio2_interfaces/include/thymio2_interfaces/srv/detail/thymio2_controller_srv__builder.hpp
-- Installing: /home/autretechlab/Documents/GitHub/ATL_ThymioII_ROS2_bridge/src/install/thymio2_interfaces/include/thymio2_interfaces/srv/detail/thymio2_controller_srv__traits.hpp
-- Installing: /home/autretechlab/Documents/GitHub/ATL_ThymioII_ROS2_bridge/src/install/thymio2_interfaces/include/thymio2_interfaces/srv/detail/thymio2_controller_srv__struct.hpp
-- Up-to-date: /home/autretechlab/Documents/GitHub/ATL_ThymioII_ROS2_bridge/src/install/thymio2_interfaces/include/thymio2_interfaces/msg
-- Installing: /home/autretechlab/Documents/GitHub/ATL_ThymioII_ROS2_bridge/src/install/thymio2_interfaces/include/thymio2_interfaces/msg/thymio2_controller.hpp
-- Up-to-date: /home/autretechlab/Documents/GitHub/ATL_ThymioII_ROS2_bridge/src/install/thymio2_interfaces/include/thymio2_interfaces/msg/detail
-- Installing: /home/autretechlab/Documents/GitHub/ATL_ThymioII_ROS2_bridge/src/install/thymio2_interfaces/include/thymio2_interfaces/msg/detail/thymio2_controller__struct.hpp
-- Installing: /home/autretechlab/Documents/GitHub/ATL_ThymioII_ROS2_bridge/src/install/thymio2_interfaces/include/thymio2_interfaces/msg/detail/thymio2_controller__traits.hpp
-- Installing: /home/autretechlab/Documents/GitHub/ATL_ThymioII_ROS2_bridge/src/install/thymio2_interfaces/include/thymio2_interfaces/msg/detail/thymio2_controller__builder.hpp
-- Up-to-date: /home/autretechlab/Documents/GitHub/ATL_ThymioII_ROS2_bridge/src/install/thymio2_interfaces/include/thymio2_interfaces
-- Up-to-date: /home/autretechlab/Documents/GitHub/ATL_ThymioII_ROS2_bridge/src/install/thymio2_interfaces/include/thymio2_interfaces/srv
-- Up-to-date: /home/autretechlab/Documents/GitHub/ATL_ThymioII_ROS2_bridge/src/install/thymio2_interfaces/include/thymio2_interfaces/srv/detail
-- Installing: /home/autretechlab/Documents/GitHub/ATL_ThymioII_ROS2_bridge/src/install/thymio2_interfaces/include/thymio2_interfaces/srv/detail/thymio2_controller_srv__rosidl_typesupport_introspection_cpp.hpp
-- Installing: /home/autretechlab/Documents/GitHub/ATL_ThymioII_ROS2_bridge/src/install/thymio2_interfaces/include/thymio2_interfaces/srv/detail/thymio2_controller_srv__type_support.cpp
-- Up-to-date: /home/autretechlab/Documents/GitHub/ATL_ThymioII_ROS2_bridge/src/install/thymio2_interfaces/include/thymio2_interfaces/msg
-- Up-to-date: /home/autretechlab/Documents/GitHub/ATL_ThymioII_ROS2_bridge/src/install/thymio2_interfaces/include/thymio2_interfaces/msg/detail
-- Installing: /home/autretechlab/Documents/GitHub/ATL_ThymioII_ROS2_bridge/src/install/thymio2_interfaces/include/thymio2_interfaces/msg/detail/thymio2_controller__rosidl_typesupport_introspection_cpp.hpp
-- Installing: /home/autretechlab/Documents/GitHub/ATL_ThymioII_ROS2_bridge/src/install/thymio2_interfaces/include/thymio2_interfaces/msg/detail/thymio2_controller__type_support.cpp
-- Installing: /home/autretechlab/Documents/GitHub/ATL_ThymioII_ROS2_bridge/src/install/thymio2_interfaces/lib/libthymio2_interfaces__rosidl_typesupport_introspection_cpp.so
-- Set runtime path of "/home/autretechlab/Documents/GitHub/ATL_ThymioII_ROS2_bridge/src/install/thymio2_interfaces/lib/libthymio2_interfaces__rosidl_typesupport_introspection_cpp.so" to ""
-- Installing: /home/autretechlab/Documents/GitHub/ATL_ThymioII_ROS2_bridge/src/install/thymio2_interfaces/lib/libthymio2_interfaces__rosidl_typesupport_cpp.so
-- Set runtime path of "/home/autretechlab/Documents/GitHub/ATL_ThymioII_ROS2_bridge/src/install/thymio2_interfaces/lib/libthymio2_interfaces__rosidl_typesupport_cpp.so" to ""
-- Installing: /home/autretechlab/Documents/GitHub/ATL_ThymioII_ROS2_bridge/src/install/thymio2_interfaces/share/thymio2_interfaces/environment/pythonpath.sh
-- Installing: /home/autretechlab/Documents/GitHub/ATL_ThymioII_ROS2_bridge/src/install/thymio2_interfaces/share/thymio2_interfaces/environment/pythonpath.dsv
-- Installing: /home/autretechlab/Documents/GitHub/ATL_ThymioII_ROS2_bridge/src/install/thymio2_interfaces/lib/python3.8/site-packages/thymio2_interfaces/__init__.py
Compiling '/home/autretechlab/Documents/GitHub/ATL_ThymioII_ROS2_bridge/src/install/thymio2_interfaces/lib/python3.8/site-packages/thymio2_interfaces/__init__.py'...
-- Installing: /home/autretechlab/Documents/GitHub/ATL_ThymioII_ROS2_bridge/src/install/thymio2_interfaces/lib/python3.8/site-packages/thymio2_interfaces/msg
-- Installing: /home/autretechlab/Documents/GitHub/ATL_ThymioII_ROS2_bridge/src/install/thymio2_interfaces/lib/python3.8/site-packages/thymio2_interfaces/msg/__init__.py
-- Installing: /home/autretechlab/Documents/GitHub/ATL_ThymioII_ROS2_bridge/src/install/thymio2_interfaces/lib/python3.8/site-packages/thymio2_interfaces/msg/_thymio2_controller_s.c
-- Installing: /home/autretechlab/Documents/GitHub/ATL_ThymioII_ROS2_bridge/src/install/thymio2_interfaces/lib/python3.8/site-packages/thymio2_interfaces/msg/_thymio2_controller.py
-- Installing: /home/autretechlab/Documents/GitHub/ATL_ThymioII_ROS2_bridge/src/install/thymio2_interfaces/lib/python3.8/site-packages/thymio2_interfaces/srv
-- Installing: /home/autretechlab/Documents/GitHub/ATL_ThymioII_ROS2_bridge/src/install/thymio2_interfaces/lib/python3.8/site-packages/thymio2_interfaces/srv/__init__.py
-- Installing: /home/autretechlab/Documents/GitHub/ATL_ThymioII_ROS2_bridge/src/install/thymio2_interfaces/lib/python3.8/site-packages/thymio2_interfaces/srv/_thymio2_controller_srv_s.c
-- Installing: /home/autretechlab/Documents/GitHub/ATL_ThymioII_ROS2_bridge/src/install/thymio2_interfaces/lib/python3.8/site-packages/thymio2_interfaces/srv/_thymio2_controller_srv.py
-- Installing: /home/autretechlab/Documents/GitHub/ATL_ThymioII_ROS2_bridge/src/install/thymio2_interfaces/lib/python3.8/site-packages/thymio2_interfaces/thymio2_interfaces_s__rosidl_typesupport_fastrtps_c.cpython-38-x86_64-linux-gnu.so
-- Set runtime path of "/home/autretechlab/Documents/GitHub/ATL_ThymioII_ROS2_bridge/src/install/thymio2_interfaces/lib/python3.8/site-packages/thymio2_interfaces/thymio2_interfaces_s__rosidl_typesupport_fastrtps_c.cpython-38-x86_64-linux-gnu.so" to ""
-- Installing: /home/autretechlab/Documents/GitHub/ATL_ThymioII_ROS2_bridge/src/install/thymio2_interfaces/lib/python3.8/site-packages/thymio2_interfaces/thymio2_interfaces_s__rosidl_typesupport_introspection_c.cpython-38-x86_64-linux-gnu.so
-- Set runtime path of "/home/autretechlab/Documents/GitHub/ATL_ThymioII_ROS2_bridge/src/install/thymio2_interfaces/lib/python3.8/site-packages/thymio2_interfaces/thymio2_interfaces_s__rosidl_typesupport_introspection_c.cpython-38-x86_64-linux-gnu.so" to ""
-- Installing: /home/autretechlab/Documents/GitHub/ATL_ThymioII_ROS2_bridge/src/install/thymio2_interfaces/lib/python3.8/site-packages/thymio2_interfaces/thymio2_interfaces_s__rosidl_typesupport_c.cpython-38-x86_64-linux-gnu.so
-- Set runtime path of "/home/autretechlab/Documents/GitHub/ATL_ThymioII_ROS2_bridge/src/install/thymio2_interfaces/lib/python3.8/site-packages/thymio2_interfaces/thymio2_interfaces_s__rosidl_typesupport_c.cpython-38-x86_64-linux-gnu.so" to ""
-- Installing: /home/autretechlab/Documents/GitHub/ATL_ThymioII_ROS2_bridge/src/install/thymio2_interfaces/lib/libthymio2_interfaces__python.so
-- Set runtime path of "/home/autretechlab/Documents/GitHub/ATL_ThymioII_ROS2_bridge/src/install/thymio2_interfaces/lib/libthymio2_interfaces__python.so" to ""
-- Installing: /home/autretechlab/Documents/GitHub/ATL_ThymioII_ROS2_bridge/src/install/thymio2_interfaces/share/thymio2_interfaces/msg/Thymio2Controller.idl
-- Installing: /home/autretechlab/Documents/GitHub/ATL_ThymioII_ROS2_bridge/src/install/thymio2_interfaces/share/thymio2_interfaces/srv/Thymio2ControllerSrv.idl
-- Installing: /home/autretechlab/Documents/GitHub/ATL_ThymioII_ROS2_bridge/src/install/thymio2_interfaces/share/thymio2_interfaces/msg/Thymio2Controller.msg
-- Installing: /home/autretechlab/Documents/GitHub/ATL_ThymioII_ROS2_bridge/src/install/thymio2_interfaces/share/thymio2_interfaces/srv/Thymio2ControllerSrv.srv
-- Installing: /home/autretechlab/Documents/GitHub/ATL_ThymioII_ROS2_bridge/src/install/thymio2_interfaces/share/thymio2_interfaces/srv/Thymio2ControllerSrv_Request.msg
-- Installing: /home/autretechlab/Documents/GitHub/ATL_ThymioII_ROS2_bridge/src/install/thymio2_interfaces/share/thymio2_interfaces/srv/Thymio2ControllerSrv_Response.msg
-- Installing: /home/autretechlab/Documents/GitHub/ATL_ThymioII_ROS2_bridge/src/install/thymio2_interfaces/share/ament_index/resource_index/package_run_dependencies/thymio2_interfaces
-- Installing: /home/autretechlab/Documents/GitHub/ATL_ThymioII_ROS2_bridge/src/install/thymio2_interfaces/share/ament_index/resource_index/parent_prefix_path/thymio2_interfaces
-- Installing: /home/autretechlab/Documents/GitHub/ATL_ThymioII_ROS2_bridge/src/install/thymio2_interfaces/share/thymio2_interfaces/environment/ament_prefix_path.sh
-- Installing: /home/autretechlab/Documents/GitHub/ATL_ThymioII_ROS2_bridge/src/install/thymio2_interfaces/share/thymio2_interfaces/environment/ament_prefix_path.dsv
-- Installing: /home/autretechlab/Documents/GitHub/ATL_ThymioII_ROS2_bridge/src/install/thymio2_interfaces/share/thymio2_interfaces/environment/path.sh
-- Installing: /home/autretechlab/Documents/GitHub/ATL_ThymioII_ROS2_bridge/src/install/thymio2_interfaces/share/thymio2_interfaces/environment/path.dsv
-- Installing: /home/autretechlab/Documents/GitHub/ATL_ThymioII_ROS2_bridge/src/install/thymio2_interfaces/share/thymio2_interfaces/local_setup.bash
-- Installing: /home/autretechlab/Documents/GitHub/ATL_ThymioII_ROS2_bridge/src/install/thymio2_interfaces/share/thymio2_interfaces/local_setup.sh
-- Installing: /home/autretechlab/Documents/GitHub/ATL_ThymioII_ROS2_bridge/src/install/thymio2_interfaces/share/thymio2_interfaces/local_setup.zsh
-- Installing: /home/autretechlab/Documents/GitHub/ATL_ThymioII_ROS2_bridge/src/install/thymio2_interfaces/share/thymio2_interfaces/local_setup.dsv
-- Installing: /home/autretechlab/Documents/GitHub/ATL_ThymioII_ROS2_bridge/src/install/thymio2_interfaces/share/thymio2_interfaces/package.dsv
-- Installing: /home/autretechlab/Documents/GitHub/ATL_ThymioII_ROS2_bridge/src/install/thymio2_interfaces/share/ament_index/resource_index/packages/thymio2_interfaces
-- Installing: /home/autretechlab/Documents/GitHub/ATL_ThymioII_ROS2_bridge/src/install/thymio2_interfaces/share/thymio2_interfaces/cmake/thymio2_interfaces__rosidl_generator_cExport.cmake
-- Installing: /home/autretechlab/Documents/GitHub/ATL_ThymioII_ROS2_bridge/src/install/thymio2_interfaces/share/thymio2_interfaces/cmake/thymio2_interfaces__rosidl_generator_cExport-noconfig.cmake
-- Installing: /home/autretechlab/Documents/GitHub/ATL_ThymioII_ROS2_bridge/src/install/thymio2_interfaces/share/thymio2_interfaces/cmake/thymio2_interfaces__rosidl_typesupport_introspection_cExport.cmake
-- Installing: /home/autretechlab/Documents/GitHub/ATL_ThymioII_ROS2_bridge/src/install/thymio2_interfaces/share/thymio2_interfaces/cmake/thymio2_interfaces__rosidl_typesupport_introspection_cExport-noconfig.cmake
-- Installing: /home/autretechlab/Documents/GitHub/ATL_ThymioII_ROS2_bridge/src/install/thymio2_interfaces/share/thymio2_interfaces/cmake/thymio2_interfaces__rosidl_typesupport_cExport.cmake
-- Installing: /home/autretechlab/Documents/GitHub/ATL_ThymioII_ROS2_bridge/src/install/thymio2_interfaces/share/thymio2_interfaces/cmake/thymio2_interfaces__rosidl_typesupport_cExport-noconfig.cmake
-- Installing: /home/autretechlab/Documents/GitHub/ATL_ThymioII_ROS2_bridge/src/install/thymio2_interfaces/share/thymio2_interfaces/cmake/thymio2_interfaces__rosidl_generator_cppExport.cmake
-- Installing: /home/autretechlab/Documents/GitHub/ATL_ThymioII_ROS2_bridge/src/install/thymio2_interfaces/share/thymio2_interfaces/cmake/thymio2_interfaces__rosidl_typesupport_introspection_cppExport.cmake
-- Installing: /home/autretechlab/Documents/GitHub/ATL_ThymioII_ROS2_bridge/src/install/thymio2_interfaces/share/thymio2_interfaces/cmake/thymio2_interfaces__rosidl_typesupport_introspection_cppExport-noconfig.cmake
-- Installing: /home/autretechlab/Documents/GitHub/ATL_ThymioII_ROS2_bridge/src/install/thymio2_interfaces/share/thymio2_interfaces/cmake/thymio2_interfaces__rosidl_typesupport_cppExport.cmake
-- Installing: /home/autretechlab/Documents/GitHub/ATL_ThymioII_ROS2_bridge/src/install/thymio2_interfaces/share/thymio2_interfaces/cmake/thymio2_interfaces__rosidl_typesupport_cppExport-noconfig.cmake
-- Installing: /home/autretechlab/Documents/GitHub/ATL_ThymioII_ROS2_bridge/src/install/thymio2_interfaces/share/thymio2_interfaces/cmake/rosidl_cmake-extras.cmake
-- Installing: /home/autretechlab/Documents/GitHub/ATL_ThymioII_ROS2_bridge/src/install/thymio2_interfaces/share/thymio2_interfaces/cmake/ament_cmake_export_dependencies-extras.cmake
-- Installing: /home/autretechlab/Documents/GitHub/ATL_ThymioII_ROS2_bridge/src/install/thymio2_interfaces/share/thymio2_interfaces/cmake/ament_cmake_export_libraries-extras.cmake
-- Installing: /home/autretechlab/Documents/GitHub/ATL_ThymioII_ROS2_bridge/src/install/thymio2_interfaces/share/thymio2_interfaces/cmake/ament_cmake_export_targets-extras.cmake
-- Installing: /home/autretechlab/Documents/GitHub/ATL_ThymioII_ROS2_bridge/src/install/thymio2_interfaces/share/thymio2_interfaces/cmake/ament_cmake_export_include_directories-extras.cmake
-- Installing: /home/autretechlab/Documents/GitHub/ATL_ThymioII_ROS2_bridge/src/install/thymio2_interfaces/share/thymio2_interfaces/cmake/rosidl_cmake_export_typesupport_libraries-extras.cmake
-- Installing: /home/autretechlab/Documents/GitHub/ATL_ThymioII_ROS2_bridge/src/install/thymio2_interfaces/share/thymio2_interfaces/cmake/rosidl_cmake_export_typesupport_targets-extras.cmake
-- Installing: /home/autretechlab/Documents/GitHub/ATL_ThymioII_ROS2_bridge/src/install/thymio2_interfaces/share/thymio2_interfaces/cmake/thymio2_interfacesConfig.cmake
-- Installing: /home/autretechlab/Documents/GitHub/ATL_ThymioII_ROS2_bridge/src/install/thymio2_interfaces/share/thymio2_interfaces/cmake/thymio2_interfacesConfig-version.cmake
-- Installing: /home/autretechlab/Documents/GitHub/ATL_ThymioII_ROS2_bridge/src/install/thymio2_interfaces/share/thymio2_interfaces/package.xml
